<?xml version="1.0" encoding="UTF-8"?>
<!-- Generated by org.testng.reporters.JUnitXMLReporter -->
<testsuite hostname="namet5" ignored="0" name="Default test" tests="3" failures="0" timestamp="24 Oct 2018 10:13:29 GMT" time="874.656" errors="0">
  <testcase name="verifyTableViewIcon" time="43.516" classname="com.torenzo.qa.testcases.ReservationTest"/>
  <testcase name="verifyReservation" time="381.384" classname="com.torenzo.qa.testcases.ReservationTest"/>
  <testcase name="reservationTransfer" time="400.754" classname="com.torenzo.qa.testcases.ReservationTest"/>
</testsuite> <!-- Default test -->
