<?xml version="1.0" encoding="UTF-8"?>
<testng-results skipped="32" failed="0" ignored="24" total="56" passed="0">
  <reporter-output>
    <line>
      <![CDATA[Before executing suite at the begin Android 1]]>
    </line>
    <line>
      <![CDATA[About to begin executing following method : Loginapp.launch]]>
    </line>
    <line>
      <![CDATA[Completed executing following method : Loginapp.launch]]>
    </line>
    <line>
      <![CDATA[Before executing test method once onlyRegression suite for order creation and payment =1]]>
    </line>
    <line>
      <![CDATA[About to begin executing following method : Loginapp.login]]>
    </line>
    <line>
      <![CDATA[Completed executing following method : Loginapp.login]]>
    </line>
    <line>
      <![CDATA[(About@Test Method)Test Method resides in com.torenzo.qa.testcases.TableStructureOrderTest]]>
    </line>
    <line>
      <![CDATA[Test Status: Skipped]]>
    </line>
    <line>
      <![CDATA[About to begin executing following method : TableStructureOrderTest.orderWithTable]]>
    </line>
    <line>
      <![CDATA[Completed executing following method : TableStructureOrderTest.orderWithTable]]>
    </line>
    <line>
      <![CDATA[(About@Test Method)Test Method resides in com.torenzo.qa.testcases.TableStructureOrderTest]]>
    </line>
    <line>
      <![CDATA[Test Status: Skipped]]>
    </line>
    <line>
      <![CDATA[About to begin executing following method : TableStructureOrderTest.tableStrucuterVerify]]>
    </line>
    <line>
      <![CDATA[Completed executing following method : TableStructureOrderTest.tableStrucuterVerify]]>
    </line>
    <line>
      <![CDATA[(About@Test Method)Test Method resides in com.torenzo.qa.testcases.TableStructureOrderTest]]>
    </line>
    <line>
      <![CDATA[Test Status: Skipped]]>
    </line>
    <line>
      <![CDATA[About to begin executing following method : TableStructureOrderTest.addguestandItem]]>
    </line>
    <line>
      <![CDATA[Completed executing following method : TableStructureOrderTest.addguestandItem]]>
    </line>
    <line>
      <![CDATA[(About@Test Method)Test Method resides in com.torenzo.qa.testcases.TableStructureOrderTest]]>
    </line>
    <line>
      <![CDATA[Test Status: Skipped]]>
    </line>
    <line>
      <![CDATA[About to begin executing following method : TableStructureOrderTest.paymentorder]]>
    </line>
    <line>
      <![CDATA[Completed executing following method : TableStructureOrderTest.paymentorder]]>
    </line>
    <line>
      <![CDATA[(About@Test Method)Test Method resides in com.torenzo.qa.testcases.OrderTakeOutTest]]>
    </line>
    <line>
      <![CDATA[Test Status: Skipped]]>
    </line>
    <line>
      <![CDATA[About to begin executing following method : OrderTakeOutTest.Allitem]]>
    </line>
    <line>
      <![CDATA[Completed executing following method : OrderTakeOutTest.Allitem]]>
    </line>
    <line>
      <![CDATA[(About@Test Method)Test Method resides in com.torenzo.qa.testcases.OrderTakeOutTest]]>
    </line>
    <line>
      <![CDATA[Test Status: Skipped]]>
    </line>
    <line>
      <![CDATA[About to begin executing following method : OrderTakeOutTest.Payment]]>
    </line>
    <line>
      <![CDATA[Completed executing following method : OrderTakeOutTest.Payment]]>
    </line>
    <line>
      <![CDATA[(About@Test Method)Test Method resides in com.torenzo.qa.testcases.SwipeAndDeleteItemTest]]>
    </line>
    <line>
      <![CDATA[Test Status: Skipped]]>
    </line>
    <line>
      <![CDATA[About to begin executing following method : SwipeAndDeleteItemTest.Takeoutorder]]>
    </line>
    <line>
      <![CDATA[Completed executing following method : SwipeAndDeleteItemTest.Takeoutorder]]>
    </line>
    <line>
      <![CDATA[(About@Test Method)Test Method resides in com.torenzo.qa.testcases.SplitReceiptMultipleOptionsTest]]>
    </line>
    <line>
      <![CDATA[Test Status: Skipped]]>
    </line>
    <line>
      <![CDATA[About to begin executing following method : SplitReceiptMultipleOptionsTest.TakeoutOrder]]>
    </line>
    <line>
      <![CDATA[Completed executing following method : SplitReceiptMultipleOptionsTest.TakeoutOrder]]>
    </line>
    <line>
      <![CDATA[(About@Test Method)Test Method resides in com.torenzo.qa.testcases.SplitReceiptMultipleOptionsTest]]>
    </line>
    <line>
      <![CDATA[Test Status: Skipped]]>
    </line>
    <line>
      <![CDATA[About to begin executing following method : SplitReceiptMultipleOptionsTest.payment]]>
    </line>
    <line>
      <![CDATA[Completed executing following method : SplitReceiptMultipleOptionsTest.payment]]>
    </line>
    <line>
      <![CDATA[(About@Test Method)Test Method resides in com.torenzo.qa.testcases.SplitReceiptSingleOptionTest]]>
    </line>
    <line>
      <![CDATA[Test Status: Skipped]]>
    </line>
    <line>
      <![CDATA[About to begin executing following method : SplitReceiptSingleOptionTest.orderCreate]]>
    </line>
    <line>
      <![CDATA[Completed executing following method : SplitReceiptSingleOptionTest.orderCreate]]>
    </line>
    <line>
      <![CDATA[(About@Test Method)Test Method resides in com.torenzo.qa.testcases.SplitReceiptSingleOptionTest]]>
    </line>
    <line>
      <![CDATA[Test Status: Skipped]]>
    </line>
    <line>
      <![CDATA[About to begin executing following method : SplitReceiptSingleOptionTest.payment]]>
    </line>
    <line>
      <![CDATA[Completed executing following method : SplitReceiptSingleOptionTest.payment]]>
    </line>
    <line>
      <![CDATA[(About@Test Method)Test Method resides in com.torenzo.qa.testcases.AddMultipleItemTest]]>
    </line>
    <line>
      <![CDATA[Test Status: Skipped]]>
    </line>
    <line>
      <![CDATA[About to begin executing following method : AddMultipleItemTest.TakeoutOrder]]>
    </line>
    <line>
      <![CDATA[Completed executing following method : AddMultipleItemTest.TakeoutOrder]]>
    </line>
    <line>
      <![CDATA[(About@Test Method)Test Method resides in com.torenzo.qa.testcases.SwappingItemTest]]>
    </line>
    <line>
      <![CDATA[Test Status: Skipped]]>
    </line>
    <line>
      <![CDATA[About to begin executing following method : SwappingItemTest.swapitem]]>
    </line>
    <line>
      <![CDATA[Completed executing following method : SwappingItemTest.swapitem]]>
    </line>
    <line>
      <![CDATA[(About@Test Method)Test Method resides in com.torenzo.qa.testcases.ItemModificationTest]]>
    </line>
    <line>
      <![CDATA[Test Status: Skipped]]>
    </line>
    <line>
      <![CDATA[About to begin executing following method : ItemModificationTest.modifyorder]]>
    </line>
    <line>
      <![CDATA[Completed executing following method : ItemModificationTest.modifyorder]]>
    </line>
    <line>
      <![CDATA[(About@Test Method)Test Method resides in com.torenzo.qa.testcases.ItemModificationTest]]>
    </line>
    <line>
      <![CDATA[Test Status: Skipped]]>
    </line>
    <line>
      <![CDATA[About to begin executing following method : ItemModificationTest.reOrder]]>
    </line>
    <line>
      <![CDATA[Completed executing following method : ItemModificationTest.reOrder]]>
    </line>
    <line>
      <![CDATA[(About@Test Method)Test Method resides in com.torenzo.qa.testcases.ItemModificationTest]]>
    </line>
    <line>
      <![CDATA[Test Status: Skipped]]>
    </line>
    <line>
      <![CDATA[About to begin executing following method : ItemModificationTest.modifier]]>
    </line>
    <line>
      <![CDATA[Completed executing following method : ItemModificationTest.modifier]]>
    </line>
    <line>
      <![CDATA[(About@Test Method)Test Method resides in com.torenzo.qa.testcases.ItemModificationTest]]>
    </line>
    <line>
      <![CDATA[Test Status: Skipped]]>
    </line>
    <line>
      <![CDATA[About to begin executing following method : ItemModificationTest.Discount]]>
    </line>
    <line>
      <![CDATA[Completed executing following method : ItemModificationTest.Discount]]>
    </line>
    <line>
      <![CDATA[(About@Test Method)Test Method resides in com.torenzo.qa.testcases.ItemModificationTest]]>
    </line>
    <line>
      <![CDATA[Test Status: Skipped]]>
    </line>
    <line>
      <![CDATA[About to begin executing following method : ItemModificationTest.Quantity]]>
    </line>
    <line>
      <![CDATA[Completed executing following method : ItemModificationTest.Quantity]]>
    </line>
    <line>
      <![CDATA[(About@Test Method)Test Method resides in com.torenzo.qa.testcases.ItemModificationTest]]>
    </line>
    <line>
      <![CDATA[Test Status: Skipped]]>
    </line>
    <line>
      <![CDATA[About to begin executing following method : ItemModificationTest.delete]]>
    </line>
    <line>
      <![CDATA[Completed executing following method : ItemModificationTest.delete]]>
    </line>
    <line>
      <![CDATA[(About@Test Method)Test Method resides in com.torenzo.qa.testcases.VerifyOrderInSuspendedList]]>
    </line>
    <line>
      <![CDATA[Test Status: Skipped]]>
    </line>
    <line>
      <![CDATA[About to begin executing following method : VerifyOrderInSuspendedList.OrderCreateAndLoadTest]]>
    </line>
    <line>
      <![CDATA[Completed executing following method : VerifyOrderInSuspendedList.OrderCreateAndLoadTest]]>
    </line>
    <line>
      <![CDATA[(About@Test Method)Test Method resides in com.torenzo.qa.testcases.VerifyOrderInSuspendedList]]>
    </line>
    <line>
      <![CDATA[Test Status: Skipped]]>
    </line>
    <line>
      <![CDATA[About to begin executing following method : VerifyOrderInSuspendedList.loadOrderFromSuspendedListTest]]>
    </line>
    <line>
      <![CDATA[Completed executing following method : VerifyOrderInSuspendedList.loadOrderFromSuspendedListTest]]>
    </line>
    <line>
      <![CDATA[(About@Test Method)Test Method resides in com.torenzo.qa.testcases.VerifyOrderInTillTest]]>
    </line>
    <line>
      <![CDATA[Test Status: Skipped]]>
    </line>
    <line>
      <![CDATA[About to begin executing following method : VerifyOrderInTillTest.orderCreateAndDBtest]]>
    </line>
    <line>
      <![CDATA[Completed executing following method : VerifyOrderInTillTest.orderCreateAndDBtest]]>
    </line>
    <line>
      <![CDATA[(About@Test Method)Test Method resides in com.torenzo.qa.testcases.VerifyOrderInTillTest]]>
    </line>
    <line>
      <![CDATA[Test Status: Skipped]]>
    </line>
    <line>
      <![CDATA[About to begin executing following method : VerifyOrderInTillTest.paymentAndDBtest]]>
    </line>
    <line>
      <![CDATA[Completed executing following method : VerifyOrderInTillTest.paymentAndDBtest]]>
    </line>
    <line>
      <![CDATA[(About@Test Method)Test Method resides in com.torenzo.qa.testcases.VerifyOrderInTillTest]]>
    </line>
    <line>
      <![CDATA[Test Status: Skipped]]>
    </line>
    <line>
      <![CDATA[About to begin executing following method : VerifyOrderInTillTest.VerfyTillAndDBtest]]>
    </line>
    <line>
      <![CDATA[Completed executing following method : VerifyOrderInTillTest.VerfyTillAndDBtest]]>
    </line>
    <line>
      <![CDATA[(About@Test Method)Test Method resides in com.torenzo.qa.testcases.ReservationTest]]>
    </line>
    <line>
      <![CDATA[Test Status: Skipped]]>
    </line>
    <line>
      <![CDATA[About to begin executing following method : ReservationTest.verifyTableViewIcon]]>
    </line>
    <line>
      <![CDATA[Completed executing following method : ReservationTest.verifyTableViewIcon]]>
    </line>
    <line>
      <![CDATA[(About@Test Method)Test Method resides in com.torenzo.qa.testcases.ReservationTest]]>
    </line>
    <line>
      <![CDATA[Test Status: Skipped]]>
    </line>
    <line>
      <![CDATA[About to begin executing following method : ReservationTest.verifyReservation]]>
    </line>
    <line>
      <![CDATA[Completed executing following method : ReservationTest.verifyReservation]]>
    </line>
    <line>
      <![CDATA[(About@Test Method)Test Method resides in com.torenzo.qa.testcases.ReservationTest]]>
    </line>
    <line>
      <![CDATA[Test Status: Skipped]]>
    </line>
    <line>
      <![CDATA[About to begin executing following method : ReservationTest.reservationTransfer]]>
    </line>
    <line>
      <![CDATA[Completed executing following method : ReservationTest.reservationTransfer]]>
    </line>
    <line>
      <![CDATA[(About@Test Method)Test Method resides in com.torenzo.qa.testcases.OrderCreateAndPayThroughSeated]]>
    </line>
    <line>
      <![CDATA[Test Status: Skipped]]>
    </line>
    <line>
      <![CDATA[About to begin executing following method : OrderCreateAndPayThroughSeated.orderWithTable]]>
    </line>
    <line>
      <![CDATA[Completed executing following method : OrderCreateAndPayThroughSeated.orderWithTable]]>
    </line>
    <line>
      <![CDATA[(About@Test Method)Test Method resides in com.torenzo.qa.testcases.OrderCreateAndPayThroughSeated]]>
    </line>
    <line>
      <![CDATA[Test Status: Skipped]]>
    </line>
    <line>
      <![CDATA[About to begin executing following method : OrderCreateAndPayThroughSeated.tableStrucuterVerify]]>
    </line>
    <line>
      <![CDATA[Completed executing following method : OrderCreateAndPayThroughSeated.tableStrucuterVerify]]>
    </line>
    <line>
      <![CDATA[(About@Test Method)Test Method resides in com.torenzo.qa.testcases.OrderCreateAndPayThroughSeated]]>
    </line>
    <line>
      <![CDATA[Test Status: Skipped]]>
    </line>
    <line>
      <![CDATA[About to begin executing following method : OrderCreateAndPayThroughSeated.addguestandItem]]>
    </line>
    <line>
      <![CDATA[Completed executing following method : OrderCreateAndPayThroughSeated.addguestandItem]]>
    </line>
    <line>
      <![CDATA[(About@Test Method)Test Method resides in com.torenzo.qa.testcases.ReportsTest]]>
    </line>
    <line>
      <![CDATA[Test Status: Skipped]]>
    </line>
    <line>
      <![CDATA[About to begin executing following method : ReportsTest.ordercreate]]>
    </line>
    <line>
      <![CDATA[Completed executing following method : ReportsTest.ordercreate]]>
    </line>
    <line>
      <![CDATA[(About@Test Method)Test Method resides in com.torenzo.qa.testcases.ReportsTest]]>
    </line>
    <line>
      <![CDATA[Test Status: Skipped]]>
    </line>
    <line>
      <![CDATA[About to begin executing following method : ReportsTest.orderpaid]]>
    </line>
    <line>
      <![CDATA[Completed executing following method : ReportsTest.orderpaid]]>
    </line>
    <line>
      <![CDATA[After executing test method once onlyRegression suite for order creation and payment =1]]>
    </line>
  </reporter-output>
  <suite name="Android 1" duration-ms="52910" started-at="2018-10-29T11:48:49Z" finished-at="2018-10-29T11:49:41Z">
    <groups>
    </groups>
    <test name="Regression suite for order creation and payment =1" duration-ms="52910" started-at="2018-10-29T11:48:49Z" finished-at="2018-10-29T11:49:41Z">
      <class name="com.torenzo.qa.testcases.ReservationTest">
        <test-method status="SKIP" signature="permission()[pri:0, instance:com.torenzo.qa.testcases.ReservationTest@70beb599]" name="permission" is-config="true" duration-ms="0" started-at="2018-10-29T11:49:41Z" finished-at="2018-10-29T11:49:41Z">
          <reporter-output>
          </reporter-output>
        </test-method> <!-- permission -->
        <test-method status="SKIP" signature="verifyTableViewIcon()[pri:24, instance:com.torenzo.qa.testcases.ReservationTest@70beb599]" name="verifyTableViewIcon" duration-ms="0" started-at="2018-10-29T11:49:41Z" finished-at="2018-10-29T11:49:41Z">
          <exception class="org.openqa.selenium.NoSuchElementException">
            <message>
              <![CDATA[An element could not be located on the page using the given search parameters. (WARNING: The server did not provide any stacktrace information)
Command duration or timeout: 27.14 seconds
For documentation on this error, please visit: http://seleniumhq.org/exceptions/no_such_element.html
Build info: version: '3.3.1', revision: '5234b325d5', time: '2017-03-10 09:10:29 +0000'
System info: host: 'NAMET5', ip: '192.168.56.1', os.name: 'Windows 7', os.arch: 'amd64', os.version: '6.1', java.version: '1.8.0_171'
Driver info: io.appium.java_client.AppiumDriver
Capabilities [{appPackage=com.torenzo.torenzocafe, networkConnectionEnabled=true, warnings={}, databaseEnabled=false, deviceName=192.168.208.101:5555, platform=LINUX, appActivity=com.torenzo.torenzopos.StartScreenActivity, desired={appPackage=com.torenzo.torenzocafe, appActivity=com.torenzo.torenzopos.StartScreenActivity, newCommandTimeout=150, platformVersion=6.0, platformName=Android, udid=192.168.208.101:5555, deviceName=Honor}, newCommandTimeout=150, platformVersion=6.0, webStorageEnabled=false, locationContextEnabled=false, browserName=Android, takesScreenshot=true, javascriptEnabled=true, platformName=Android, udid=192.168.208.101:5555}]
Session ID: f7f14bd8-0274-45f1-8861-d68cf2793ca2
*** Element info: {Using=id, value=clock_in}]]>
            </message>
            <full-stacktrace>
              <![CDATA[org.openqa.selenium.NoSuchElementException: An element could not be located on the page using the given search parameters. (WARNING: The server did not provide any stacktrace information)
Command duration or timeout: 27.14 seconds
For documentation on this error, please visit: http://seleniumhq.org/exceptions/no_such_element.html
Build info: version: '3.3.1', revision: '5234b325d5', time: '2017-03-10 09:10:29 +0000'
System info: host: 'NAMET5', ip: '192.168.56.1', os.name: 'Windows 7', os.arch: 'amd64', os.version: '6.1', java.version: '1.8.0_171'
Driver info: io.appium.java_client.AppiumDriver
Capabilities [{appPackage=com.torenzo.torenzocafe, networkConnectionEnabled=true, warnings={}, databaseEnabled=false, deviceName=192.168.208.101:5555, platform=LINUX, appActivity=com.torenzo.torenzopos.StartScreenActivity, desired={appPackage=com.torenzo.torenzocafe, appActivity=com.torenzo.torenzopos.StartScreenActivity, newCommandTimeout=150, platformVersion=6.0, platformName=Android, udid=192.168.208.101:5555, deviceName=Honor}, newCommandTimeout=150, platformVersion=6.0, webStorageEnabled=false, locationContextEnabled=false, browserName=Android, takesScreenshot=true, javascriptEnabled=true, platformName=Android, udid=192.168.208.101:5555}]
Session ID: f7f14bd8-0274-45f1-8861-d68cf2793ca2
*** Element info: {Using=id, value=clock_in}
at sun.reflect.NativeConstructorAccessorImpl.newInstance0(Native Method)
at sun.reflect.NativeConstructorAccessorImpl.newInstance(Unknown Source)
at sun.reflect.DelegatingConstructorAccessorImpl.newInstance(Unknown Source)
at java.lang.reflect.Constructor.newInstance(Unknown Source)
at org.openqa.selenium.remote.ErrorHandler.createThrowable(ErrorHandler.java:216)
at org.openqa.selenium.remote.ErrorHandler.throwIfResponseFailed(ErrorHandler.java:168)
at org.openqa.selenium.remote.RemoteWebDriver.execute(RemoteWebDriver.java:638)
at io.appium.java_client.DefaultGenericMobileDriver.execute(DefaultGenericMobileDriver.java:42)
at io.appium.java_client.AppiumDriver.execute(AppiumDriver.java:1)
at org.openqa.selenium.remote.RemoteWebDriver.findElement(RemoteWebDriver.java:371)
at io.appium.java_client.DefaultGenericMobileDriver.findElement(DefaultGenericMobileDriver.java:62)
at io.appium.java_client.AppiumDriver.findElement(AppiumDriver.java:1)
at org.openqa.selenium.remote.RemoteWebDriver.findElementById(RemoteWebDriver.java:420)
at io.appium.java_client.DefaultGenericMobileDriver.findElementById(DefaultGenericMobileDriver.java:70)
at io.appium.java_client.AppiumDriver.findElementById(AppiumDriver.java:1)
at org.openqa.selenium.By$ById.findElement(By.java:218)
at org.openqa.selenium.remote.RemoteWebDriver.findElement(RemoteWebDriver.java:363)
at io.appium.java_client.DefaultGenericMobileDriver.findElement(DefaultGenericMobileDriver.java:58)
at io.appium.java_client.AppiumDriver.findElement(AppiumDriver.java:1)
at com.torenzo.qa.base.Loginapp.login(Loginapp.java:123)
at sun.reflect.NativeMethodAccessorImpl.invoke0(Native Method)
at sun.reflect.NativeMethodAccessorImpl.invoke(Unknown Source)
at sun.reflect.DelegatingMethodAccessorImpl.invoke(Unknown Source)
at java.lang.reflect.Method.invoke(Unknown Source)
at org.testng.internal.MethodInvocationHelper.invokeMethod(MethodInvocationHelper.java:124)
at org.testng.internal.MethodInvocationHelper.invokeMethodConsideringTimeout(MethodInvocationHelper.java:59)
at org.testng.internal.Invoker.invokeConfigurationMethod(Invoker.java:455)
at org.testng.internal.Invoker.invokeConfigurations(Invoker.java:222)
at org.testng.internal.Invoker.invokeConfigurations(Invoker.java:142)
at org.testng.TestRunner.beforeRun(TestRunner.java:529)
at org.testng.TestRunner.run(TestRunner.java:497)
at org.testng.SuiteRunner.runTest(SuiteRunner.java:455)
at org.testng.SuiteRunner.runSequentially(SuiteRunner.java:450)
at org.testng.SuiteRunner.privateRun(SuiteRunner.java:415)
at org.testng.SuiteRunner.run(SuiteRunner.java:364)
at org.testng.SuiteRunnerWorker.runSuite(SuiteRunnerWorker.java:52)
at org.testng.SuiteRunnerWorker.run(SuiteRunnerWorker.java:84)
at org.testng.TestNG.runSuitesSequentially(TestNG.java:1208)
at org.testng.TestNG.runSuitesLocally(TestNG.java:1137)
at org.testng.TestNG.runSuites(TestNG.java:1049)
at org.testng.TestNG.run(TestNG.java:1017)
at org.testng.remote.AbstractRemoteTestNG.run(AbstractRemoteTestNG.java:114)
at org.testng.remote.RemoteTestNG.initAndRun(RemoteTestNG.java:251)
at org.testng.remote.RemoteTestNG.main(RemoteTestNG.java:77)
]]>
            </full-stacktrace>
          </exception> <!-- org.openqa.selenium.NoSuchElementException -->
          <reporter-output>
            <line>
              <![CDATA[(About@Test Method)Test Method resides in com.torenzo.qa.testcases.ReservationTest]]>
            </line>
            <line>
              <![CDATA[Test Status: Skipped]]>
            </line>
            <line>
              <![CDATA[About to begin executing following method : ReservationTest.verifyTableViewIcon]]>
            </line>
            <line>
              <![CDATA[Completed executing following method : ReservationTest.verifyTableViewIcon]]>
            </line>
          </reporter-output>
        </test-method> <!-- verifyTableViewIcon -->
        <test-method status="SKIP" signature="verifyReservation()[pri:25, instance:com.torenzo.qa.testcases.ReservationTest@70beb599]" name="verifyReservation" duration-ms="0" started-at="2018-10-29T11:49:41Z" finished-at="2018-10-29T11:49:41Z">
          <exception class="org.openqa.selenium.NoSuchElementException">
            <message>
              <![CDATA[An element could not be located on the page using the given search parameters. (WARNING: The server did not provide any stacktrace information)
Command duration or timeout: 27.14 seconds
For documentation on this error, please visit: http://seleniumhq.org/exceptions/no_such_element.html
Build info: version: '3.3.1', revision: '5234b325d5', time: '2017-03-10 09:10:29 +0000'
System info: host: 'NAMET5', ip: '192.168.56.1', os.name: 'Windows 7', os.arch: 'amd64', os.version: '6.1', java.version: '1.8.0_171'
Driver info: io.appium.java_client.AppiumDriver
Capabilities [{appPackage=com.torenzo.torenzocafe, networkConnectionEnabled=true, warnings={}, databaseEnabled=false, deviceName=192.168.208.101:5555, platform=LINUX, appActivity=com.torenzo.torenzopos.StartScreenActivity, desired={appPackage=com.torenzo.torenzocafe, appActivity=com.torenzo.torenzopos.StartScreenActivity, newCommandTimeout=150, platformVersion=6.0, platformName=Android, udid=192.168.208.101:5555, deviceName=Honor}, newCommandTimeout=150, platformVersion=6.0, webStorageEnabled=false, locationContextEnabled=false, browserName=Android, takesScreenshot=true, javascriptEnabled=true, platformName=Android, udid=192.168.208.101:5555}]
Session ID: f7f14bd8-0274-45f1-8861-d68cf2793ca2
*** Element info: {Using=id, value=clock_in}]]>
            </message>
            <full-stacktrace>
              <![CDATA[org.openqa.selenium.NoSuchElementException: An element could not be located on the page using the given search parameters. (WARNING: The server did not provide any stacktrace information)
Command duration or timeout: 27.14 seconds
For documentation on this error, please visit: http://seleniumhq.org/exceptions/no_such_element.html
Build info: version: '3.3.1', revision: '5234b325d5', time: '2017-03-10 09:10:29 +0000'
System info: host: 'NAMET5', ip: '192.168.56.1', os.name: 'Windows 7', os.arch: 'amd64', os.version: '6.1', java.version: '1.8.0_171'
Driver info: io.appium.java_client.AppiumDriver
Capabilities [{appPackage=com.torenzo.torenzocafe, networkConnectionEnabled=true, warnings={}, databaseEnabled=false, deviceName=192.168.208.101:5555, platform=LINUX, appActivity=com.torenzo.torenzopos.StartScreenActivity, desired={appPackage=com.torenzo.torenzocafe, appActivity=com.torenzo.torenzopos.StartScreenActivity, newCommandTimeout=150, platformVersion=6.0, platformName=Android, udid=192.168.208.101:5555, deviceName=Honor}, newCommandTimeout=150, platformVersion=6.0, webStorageEnabled=false, locationContextEnabled=false, browserName=Android, takesScreenshot=true, javascriptEnabled=true, platformName=Android, udid=192.168.208.101:5555}]
Session ID: f7f14bd8-0274-45f1-8861-d68cf2793ca2
*** Element info: {Using=id, value=clock_in}
at sun.reflect.NativeConstructorAccessorImpl.newInstance0(Native Method)
at sun.reflect.NativeConstructorAccessorImpl.newInstance(Unknown Source)
at sun.reflect.DelegatingConstructorAccessorImpl.newInstance(Unknown Source)
at java.lang.reflect.Constructor.newInstance(Unknown Source)
at org.openqa.selenium.remote.ErrorHandler.createThrowable(ErrorHandler.java:216)
at org.openqa.selenium.remote.ErrorHandler.throwIfResponseFailed(ErrorHandler.java:168)
at org.openqa.selenium.remote.RemoteWebDriver.execute(RemoteWebDriver.java:638)
at io.appium.java_client.DefaultGenericMobileDriver.execute(DefaultGenericMobileDriver.java:42)
at io.appium.java_client.AppiumDriver.execute(AppiumDriver.java:1)
at org.openqa.selenium.remote.RemoteWebDriver.findElement(RemoteWebDriver.java:371)
at io.appium.java_client.DefaultGenericMobileDriver.findElement(DefaultGenericMobileDriver.java:62)
at io.appium.java_client.AppiumDriver.findElement(AppiumDriver.java:1)
at org.openqa.selenium.remote.RemoteWebDriver.findElementById(RemoteWebDriver.java:420)
at io.appium.java_client.DefaultGenericMobileDriver.findElementById(DefaultGenericMobileDriver.java:70)
at io.appium.java_client.AppiumDriver.findElementById(AppiumDriver.java:1)
at org.openqa.selenium.By$ById.findElement(By.java:218)
at org.openqa.selenium.remote.RemoteWebDriver.findElement(RemoteWebDriver.java:363)
at io.appium.java_client.DefaultGenericMobileDriver.findElement(DefaultGenericMobileDriver.java:58)
at io.appium.java_client.AppiumDriver.findElement(AppiumDriver.java:1)
at com.torenzo.qa.base.Loginapp.login(Loginapp.java:123)
at sun.reflect.NativeMethodAccessorImpl.invoke0(Native Method)
at sun.reflect.NativeMethodAccessorImpl.invoke(Unknown Source)
at sun.reflect.DelegatingMethodAccessorImpl.invoke(Unknown Source)
at java.lang.reflect.Method.invoke(Unknown Source)
at org.testng.internal.MethodInvocationHelper.invokeMethod(MethodInvocationHelper.java:124)
at org.testng.internal.MethodInvocationHelper.invokeMethodConsideringTimeout(MethodInvocationHelper.java:59)
at org.testng.internal.Invoker.invokeConfigurationMethod(Invoker.java:455)
at org.testng.internal.Invoker.invokeConfigurations(Invoker.java:222)
at org.testng.internal.Invoker.invokeConfigurations(Invoker.java:142)
at org.testng.TestRunner.beforeRun(TestRunner.java:529)
at org.testng.TestRunner.run(TestRunner.java:497)
at org.testng.SuiteRunner.runTest(SuiteRunner.java:455)
at org.testng.SuiteRunner.runSequentially(SuiteRunner.java:450)
at org.testng.SuiteRunner.privateRun(SuiteRunner.java:415)
at org.testng.SuiteRunner.run(SuiteRunner.java:364)
at org.testng.SuiteRunnerWorker.runSuite(SuiteRunnerWorker.java:52)
at org.testng.SuiteRunnerWorker.run(SuiteRunnerWorker.java:84)
at org.testng.TestNG.runSuitesSequentially(TestNG.java:1208)
at org.testng.TestNG.runSuitesLocally(TestNG.java:1137)
at org.testng.TestNG.runSuites(TestNG.java:1049)
at org.testng.TestNG.run(TestNG.java:1017)
at org.testng.remote.AbstractRemoteTestNG.run(AbstractRemoteTestNG.java:114)
at org.testng.remote.RemoteTestNG.initAndRun(RemoteTestNG.java:251)
at org.testng.remote.RemoteTestNG.main(RemoteTestNG.java:77)
]]>
            </full-stacktrace>
          </exception> <!-- org.openqa.selenium.NoSuchElementException -->
          <reporter-output>
            <line>
              <![CDATA[(About@Test Method)Test Method resides in com.torenzo.qa.testcases.ReservationTest]]>
            </line>
            <line>
              <![CDATA[Test Status: Skipped]]>
            </line>
            <line>
              <![CDATA[About to begin executing following method : ReservationTest.verifyReservation]]>
            </line>
            <line>
              <![CDATA[Completed executing following method : ReservationTest.verifyReservation]]>
            </line>
          </reporter-output>
        </test-method> <!-- verifyReservation -->
        <test-method status="SKIP" signature="reservationTransfer()[pri:26, instance:com.torenzo.qa.testcases.ReservationTest@70beb599]" name="reservationTransfer" duration-ms="0" started-at="2018-10-29T11:49:41Z" finished-at="2018-10-29T11:49:41Z">
          <exception class="org.openqa.selenium.NoSuchElementException">
            <message>
              <![CDATA[An element could not be located on the page using the given search parameters. (WARNING: The server did not provide any stacktrace information)
Command duration or timeout: 27.14 seconds
For documentation on this error, please visit: http://seleniumhq.org/exceptions/no_such_element.html
Build info: version: '3.3.1', revision: '5234b325d5', time: '2017-03-10 09:10:29 +0000'
System info: host: 'NAMET5', ip: '192.168.56.1', os.name: 'Windows 7', os.arch: 'amd64', os.version: '6.1', java.version: '1.8.0_171'
Driver info: io.appium.java_client.AppiumDriver
Capabilities [{appPackage=com.torenzo.torenzocafe, networkConnectionEnabled=true, warnings={}, databaseEnabled=false, deviceName=192.168.208.101:5555, platform=LINUX, appActivity=com.torenzo.torenzopos.StartScreenActivity, desired={appPackage=com.torenzo.torenzocafe, appActivity=com.torenzo.torenzopos.StartScreenActivity, newCommandTimeout=150, platformVersion=6.0, platformName=Android, udid=192.168.208.101:5555, deviceName=Honor}, newCommandTimeout=150, platformVersion=6.0, webStorageEnabled=false, locationContextEnabled=false, browserName=Android, takesScreenshot=true, javascriptEnabled=true, platformName=Android, udid=192.168.208.101:5555}]
Session ID: f7f14bd8-0274-45f1-8861-d68cf2793ca2
*** Element info: {Using=id, value=clock_in}]]>
            </message>
            <full-stacktrace>
              <![CDATA[org.openqa.selenium.NoSuchElementException: An element could not be located on the page using the given search parameters. (WARNING: The server did not provide any stacktrace information)
Command duration or timeout: 27.14 seconds
For documentation on this error, please visit: http://seleniumhq.org/exceptions/no_such_element.html
Build info: version: '3.3.1', revision: '5234b325d5', time: '2017-03-10 09:10:29 +0000'
System info: host: 'NAMET5', ip: '192.168.56.1', os.name: 'Windows 7', os.arch: 'amd64', os.version: '6.1', java.version: '1.8.0_171'
Driver info: io.appium.java_client.AppiumDriver
Capabilities [{appPackage=com.torenzo.torenzocafe, networkConnectionEnabled=true, warnings={}, databaseEnabled=false, deviceName=192.168.208.101:5555, platform=LINUX, appActivity=com.torenzo.torenzopos.StartScreenActivity, desired={appPackage=com.torenzo.torenzocafe, appActivity=com.torenzo.torenzopos.StartScreenActivity, newCommandTimeout=150, platformVersion=6.0, platformName=Android, udid=192.168.208.101:5555, deviceName=Honor}, newCommandTimeout=150, platformVersion=6.0, webStorageEnabled=false, locationContextEnabled=false, browserName=Android, takesScreenshot=true, javascriptEnabled=true, platformName=Android, udid=192.168.208.101:5555}]
Session ID: f7f14bd8-0274-45f1-8861-d68cf2793ca2
*** Element info: {Using=id, value=clock_in}
at sun.reflect.NativeConstructorAccessorImpl.newInstance0(Native Method)
at sun.reflect.NativeConstructorAccessorImpl.newInstance(Unknown Source)
at sun.reflect.DelegatingConstructorAccessorImpl.newInstance(Unknown Source)
at java.lang.reflect.Constructor.newInstance(Unknown Source)
at org.openqa.selenium.remote.ErrorHandler.createThrowable(ErrorHandler.java:216)
at org.openqa.selenium.remote.ErrorHandler.throwIfResponseFailed(ErrorHandler.java:168)
at org.openqa.selenium.remote.RemoteWebDriver.execute(RemoteWebDriver.java:638)
at io.appium.java_client.DefaultGenericMobileDriver.execute(DefaultGenericMobileDriver.java:42)
at io.appium.java_client.AppiumDriver.execute(AppiumDriver.java:1)
at org.openqa.selenium.remote.RemoteWebDriver.findElement(RemoteWebDriver.java:371)
at io.appium.java_client.DefaultGenericMobileDriver.findElement(DefaultGenericMobileDriver.java:62)
at io.appium.java_client.AppiumDriver.findElement(AppiumDriver.java:1)
at org.openqa.selenium.remote.RemoteWebDriver.findElementById(RemoteWebDriver.java:420)
at io.appium.java_client.DefaultGenericMobileDriver.findElementById(DefaultGenericMobileDriver.java:70)
at io.appium.java_client.AppiumDriver.findElementById(AppiumDriver.java:1)
at org.openqa.selenium.By$ById.findElement(By.java:218)
at org.openqa.selenium.remote.RemoteWebDriver.findElement(RemoteWebDriver.java:363)
at io.appium.java_client.DefaultGenericMobileDriver.findElement(DefaultGenericMobileDriver.java:58)
at io.appium.java_client.AppiumDriver.findElement(AppiumDriver.java:1)
at com.torenzo.qa.base.Loginapp.login(Loginapp.java:123)
at sun.reflect.NativeMethodAccessorImpl.invoke0(Native Method)
at sun.reflect.NativeMethodAccessorImpl.invoke(Unknown Source)
at sun.reflect.DelegatingMethodAccessorImpl.invoke(Unknown Source)
at java.lang.reflect.Method.invoke(Unknown Source)
at org.testng.internal.MethodInvocationHelper.invokeMethod(MethodInvocationHelper.java:124)
at org.testng.internal.MethodInvocationHelper.invokeMethodConsideringTimeout(MethodInvocationHelper.java:59)
at org.testng.internal.Invoker.invokeConfigurationMethod(Invoker.java:455)
at org.testng.internal.Invoker.invokeConfigurations(Invoker.java:222)
at org.testng.internal.Invoker.invokeConfigurations(Invoker.java:142)
at org.testng.TestRunner.beforeRun(TestRunner.java:529)
at org.testng.TestRunner.run(TestRunner.java:497)
at org.testng.SuiteRunner.runTest(SuiteRunner.java:455)
at org.testng.SuiteRunner.runSequentially(SuiteRunner.java:450)
at org.testng.SuiteRunner.privateRun(SuiteRunner.java:415)
at org.testng.SuiteRunner.run(SuiteRunner.java:364)
at org.testng.SuiteRunnerWorker.runSuite(SuiteRunnerWorker.java:52)
at org.testng.SuiteRunnerWorker.run(SuiteRunnerWorker.java:84)
at org.testng.TestNG.runSuitesSequentially(TestNG.java:1208)
at org.testng.TestNG.runSuitesLocally(TestNG.java:1137)
at org.testng.TestNG.runSuites(TestNG.java:1049)
at org.testng.TestNG.run(TestNG.java:1017)
at org.testng.remote.AbstractRemoteTestNG.run(AbstractRemoteTestNG.java:114)
at org.testng.remote.RemoteTestNG.initAndRun(RemoteTestNG.java:251)
at org.testng.remote.RemoteTestNG.main(RemoteTestNG.java:77)
]]>
            </full-stacktrace>
          </exception> <!-- org.openqa.selenium.NoSuchElementException -->
          <reporter-output>
            <line>
              <![CDATA[(About@Test Method)Test Method resides in com.torenzo.qa.testcases.ReservationTest]]>
            </line>
            <line>
              <![CDATA[Test Status: Skipped]]>
            </line>
            <line>
              <![CDATA[About to begin executing following method : ReservationTest.reservationTransfer]]>
            </line>
            <line>
              <![CDATA[Completed executing following method : ReservationTest.reservationTransfer]]>
            </line>
          </reporter-output>
        </test-method> <!-- reservationTransfer -->
      </class> <!-- com.torenzo.qa.testcases.ReservationTest -->
      <class name="com.torenzo.qa.testcases.SplitReceiptSingleOptionTest">
        <test-method status="SKIP" signature="permission()[pri:0, instance:com.torenzo.qa.testcases.SplitReceiptSingleOptionTest@12028586]" name="permission" is-config="true" duration-ms="0" started-at="2018-10-29T11:49:41Z" finished-at="2018-10-29T11:49:41Z">
          <reporter-output>
          </reporter-output>
        </test-method> <!-- permission -->
        <test-method status="SKIP" signature="orderCreate()[pri:8, instance:com.torenzo.qa.testcases.SplitReceiptSingleOptionTest@12028586]" name="orderCreate" duration-ms="0" started-at="2018-10-29T11:49:41Z" finished-at="2018-10-29T11:49:41Z">
          <exception class="org.openqa.selenium.NoSuchElementException">
            <message>
              <![CDATA[An element could not be located on the page using the given search parameters. (WARNING: The server did not provide any stacktrace information)
Command duration or timeout: 27.14 seconds
For documentation on this error, please visit: http://seleniumhq.org/exceptions/no_such_element.html
Build info: version: '3.3.1', revision: '5234b325d5', time: '2017-03-10 09:10:29 +0000'
System info: host: 'NAMET5', ip: '192.168.56.1', os.name: 'Windows 7', os.arch: 'amd64', os.version: '6.1', java.version: '1.8.0_171'
Driver info: io.appium.java_client.AppiumDriver
Capabilities [{appPackage=com.torenzo.torenzocafe, networkConnectionEnabled=true, warnings={}, databaseEnabled=false, deviceName=192.168.208.101:5555, platform=LINUX, appActivity=com.torenzo.torenzopos.StartScreenActivity, desired={appPackage=com.torenzo.torenzocafe, appActivity=com.torenzo.torenzopos.StartScreenActivity, newCommandTimeout=150, platformVersion=6.0, platformName=Android, udid=192.168.208.101:5555, deviceName=Honor}, newCommandTimeout=150, platformVersion=6.0, webStorageEnabled=false, locationContextEnabled=false, browserName=Android, takesScreenshot=true, javascriptEnabled=true, platformName=Android, udid=192.168.208.101:5555}]
Session ID: f7f14bd8-0274-45f1-8861-d68cf2793ca2
*** Element info: {Using=id, value=clock_in}]]>
            </message>
            <full-stacktrace>
              <![CDATA[org.openqa.selenium.NoSuchElementException: An element could not be located on the page using the given search parameters. (WARNING: The server did not provide any stacktrace information)
Command duration or timeout: 27.14 seconds
For documentation on this error, please visit: http://seleniumhq.org/exceptions/no_such_element.html
Build info: version: '3.3.1', revision: '5234b325d5', time: '2017-03-10 09:10:29 +0000'
System info: host: 'NAMET5', ip: '192.168.56.1', os.name: 'Windows 7', os.arch: 'amd64', os.version: '6.1', java.version: '1.8.0_171'
Driver info: io.appium.java_client.AppiumDriver
Capabilities [{appPackage=com.torenzo.torenzocafe, networkConnectionEnabled=true, warnings={}, databaseEnabled=false, deviceName=192.168.208.101:5555, platform=LINUX, appActivity=com.torenzo.torenzopos.StartScreenActivity, desired={appPackage=com.torenzo.torenzocafe, appActivity=com.torenzo.torenzopos.StartScreenActivity, newCommandTimeout=150, platformVersion=6.0, platformName=Android, udid=192.168.208.101:5555, deviceName=Honor}, newCommandTimeout=150, platformVersion=6.0, webStorageEnabled=false, locationContextEnabled=false, browserName=Android, takesScreenshot=true, javascriptEnabled=true, platformName=Android, udid=192.168.208.101:5555}]
Session ID: f7f14bd8-0274-45f1-8861-d68cf2793ca2
*** Element info: {Using=id, value=clock_in}
at sun.reflect.NativeConstructorAccessorImpl.newInstance0(Native Method)
at sun.reflect.NativeConstructorAccessorImpl.newInstance(Unknown Source)
at sun.reflect.DelegatingConstructorAccessorImpl.newInstance(Unknown Source)
at java.lang.reflect.Constructor.newInstance(Unknown Source)
at org.openqa.selenium.remote.ErrorHandler.createThrowable(ErrorHandler.java:216)
at org.openqa.selenium.remote.ErrorHandler.throwIfResponseFailed(ErrorHandler.java:168)
at org.openqa.selenium.remote.RemoteWebDriver.execute(RemoteWebDriver.java:638)
at io.appium.java_client.DefaultGenericMobileDriver.execute(DefaultGenericMobileDriver.java:42)
at io.appium.java_client.AppiumDriver.execute(AppiumDriver.java:1)
at org.openqa.selenium.remote.RemoteWebDriver.findElement(RemoteWebDriver.java:371)
at io.appium.java_client.DefaultGenericMobileDriver.findElement(DefaultGenericMobileDriver.java:62)
at io.appium.java_client.AppiumDriver.findElement(AppiumDriver.java:1)
at org.openqa.selenium.remote.RemoteWebDriver.findElementById(RemoteWebDriver.java:420)
at io.appium.java_client.DefaultGenericMobileDriver.findElementById(DefaultGenericMobileDriver.java:70)
at io.appium.java_client.AppiumDriver.findElementById(AppiumDriver.java:1)
at org.openqa.selenium.By$ById.findElement(By.java:218)
at org.openqa.selenium.remote.RemoteWebDriver.findElement(RemoteWebDriver.java:363)
at io.appium.java_client.DefaultGenericMobileDriver.findElement(DefaultGenericMobileDriver.java:58)
at io.appium.java_client.AppiumDriver.findElement(AppiumDriver.java:1)
at com.torenzo.qa.base.Loginapp.login(Loginapp.java:123)
at sun.reflect.NativeMethodAccessorImpl.invoke0(Native Method)
at sun.reflect.NativeMethodAccessorImpl.invoke(Unknown Source)
at sun.reflect.DelegatingMethodAccessorImpl.invoke(Unknown Source)
at java.lang.reflect.Method.invoke(Unknown Source)
at org.testng.internal.MethodInvocationHelper.invokeMethod(MethodInvocationHelper.java:124)
at org.testng.internal.MethodInvocationHelper.invokeMethodConsideringTimeout(MethodInvocationHelper.java:59)
at org.testng.internal.Invoker.invokeConfigurationMethod(Invoker.java:455)
at org.testng.internal.Invoker.invokeConfigurations(Invoker.java:222)
at org.testng.internal.Invoker.invokeConfigurations(Invoker.java:142)
at org.testng.TestRunner.beforeRun(TestRunner.java:529)
at org.testng.TestRunner.run(TestRunner.java:497)
at org.testng.SuiteRunner.runTest(SuiteRunner.java:455)
at org.testng.SuiteRunner.runSequentially(SuiteRunner.java:450)
at org.testng.SuiteRunner.privateRun(SuiteRunner.java:415)
at org.testng.SuiteRunner.run(SuiteRunner.java:364)
at org.testng.SuiteRunnerWorker.runSuite(SuiteRunnerWorker.java:52)
at org.testng.SuiteRunnerWorker.run(SuiteRunnerWorker.java:84)
at org.testng.TestNG.runSuitesSequentially(TestNG.java:1208)
at org.testng.TestNG.runSuitesLocally(TestNG.java:1137)
at org.testng.TestNG.runSuites(TestNG.java:1049)
at org.testng.TestNG.run(TestNG.java:1017)
at org.testng.remote.AbstractRemoteTestNG.run(AbstractRemoteTestNG.java:114)
at org.testng.remote.RemoteTestNG.initAndRun(RemoteTestNG.java:251)
at org.testng.remote.RemoteTestNG.main(RemoteTestNG.java:77)
]]>
            </full-stacktrace>
          </exception> <!-- org.openqa.selenium.NoSuchElementException -->
          <reporter-output>
            <line>
              <![CDATA[(About@Test Method)Test Method resides in com.torenzo.qa.testcases.SplitReceiptSingleOptionTest]]>
            </line>
            <line>
              <![CDATA[Test Status: Skipped]]>
            </line>
            <line>
              <![CDATA[About to begin executing following method : SplitReceiptSingleOptionTest.orderCreate]]>
            </line>
            <line>
              <![CDATA[Completed executing following method : SplitReceiptSingleOptionTest.orderCreate]]>
            </line>
          </reporter-output>
        </test-method> <!-- orderCreate -->
        <test-method status="SKIP" signature="payment()[pri:9, instance:com.torenzo.qa.testcases.SplitReceiptSingleOptionTest@12028586]" name="payment" duration-ms="0" started-at="2018-10-29T11:49:41Z" finished-at="2018-10-29T11:49:41Z">
          <exception class="org.openqa.selenium.NoSuchElementException">
            <message>
              <![CDATA[An element could not be located on the page using the given search parameters. (WARNING: The server did not provide any stacktrace information)
Command duration or timeout: 27.14 seconds
For documentation on this error, please visit: http://seleniumhq.org/exceptions/no_such_element.html
Build info: version: '3.3.1', revision: '5234b325d5', time: '2017-03-10 09:10:29 +0000'
System info: host: 'NAMET5', ip: '192.168.56.1', os.name: 'Windows 7', os.arch: 'amd64', os.version: '6.1', java.version: '1.8.0_171'
Driver info: io.appium.java_client.AppiumDriver
Capabilities [{appPackage=com.torenzo.torenzocafe, networkConnectionEnabled=true, warnings={}, databaseEnabled=false, deviceName=192.168.208.101:5555, platform=LINUX, appActivity=com.torenzo.torenzopos.StartScreenActivity, desired={appPackage=com.torenzo.torenzocafe, appActivity=com.torenzo.torenzopos.StartScreenActivity, newCommandTimeout=150, platformVersion=6.0, platformName=Android, udid=192.168.208.101:5555, deviceName=Honor}, newCommandTimeout=150, platformVersion=6.0, webStorageEnabled=false, locationContextEnabled=false, browserName=Android, takesScreenshot=true, javascriptEnabled=true, platformName=Android, udid=192.168.208.101:5555}]
Session ID: f7f14bd8-0274-45f1-8861-d68cf2793ca2
*** Element info: {Using=id, value=clock_in}]]>
            </message>
            <full-stacktrace>
              <![CDATA[org.openqa.selenium.NoSuchElementException: An element could not be located on the page using the given search parameters. (WARNING: The server did not provide any stacktrace information)
Command duration or timeout: 27.14 seconds
For documentation on this error, please visit: http://seleniumhq.org/exceptions/no_such_element.html
Build info: version: '3.3.1', revision: '5234b325d5', time: '2017-03-10 09:10:29 +0000'
System info: host: 'NAMET5', ip: '192.168.56.1', os.name: 'Windows 7', os.arch: 'amd64', os.version: '6.1', java.version: '1.8.0_171'
Driver info: io.appium.java_client.AppiumDriver
Capabilities [{appPackage=com.torenzo.torenzocafe, networkConnectionEnabled=true, warnings={}, databaseEnabled=false, deviceName=192.168.208.101:5555, platform=LINUX, appActivity=com.torenzo.torenzopos.StartScreenActivity, desired={appPackage=com.torenzo.torenzocafe, appActivity=com.torenzo.torenzopos.StartScreenActivity, newCommandTimeout=150, platformVersion=6.0, platformName=Android, udid=192.168.208.101:5555, deviceName=Honor}, newCommandTimeout=150, platformVersion=6.0, webStorageEnabled=false, locationContextEnabled=false, browserName=Android, takesScreenshot=true, javascriptEnabled=true, platformName=Android, udid=192.168.208.101:5555}]
Session ID: f7f14bd8-0274-45f1-8861-d68cf2793ca2
*** Element info: {Using=id, value=clock_in}
at sun.reflect.NativeConstructorAccessorImpl.newInstance0(Native Method)
at sun.reflect.NativeConstructorAccessorImpl.newInstance(Unknown Source)
at sun.reflect.DelegatingConstructorAccessorImpl.newInstance(Unknown Source)
at java.lang.reflect.Constructor.newInstance(Unknown Source)
at org.openqa.selenium.remote.ErrorHandler.createThrowable(ErrorHandler.java:216)
at org.openqa.selenium.remote.ErrorHandler.throwIfResponseFailed(ErrorHandler.java:168)
at org.openqa.selenium.remote.RemoteWebDriver.execute(RemoteWebDriver.java:638)
at io.appium.java_client.DefaultGenericMobileDriver.execute(DefaultGenericMobileDriver.java:42)
at io.appium.java_client.AppiumDriver.execute(AppiumDriver.java:1)
at org.openqa.selenium.remote.RemoteWebDriver.findElement(RemoteWebDriver.java:371)
at io.appium.java_client.DefaultGenericMobileDriver.findElement(DefaultGenericMobileDriver.java:62)
at io.appium.java_client.AppiumDriver.findElement(AppiumDriver.java:1)
at org.openqa.selenium.remote.RemoteWebDriver.findElementById(RemoteWebDriver.java:420)
at io.appium.java_client.DefaultGenericMobileDriver.findElementById(DefaultGenericMobileDriver.java:70)
at io.appium.java_client.AppiumDriver.findElementById(AppiumDriver.java:1)
at org.openqa.selenium.By$ById.findElement(By.java:218)
at org.openqa.selenium.remote.RemoteWebDriver.findElement(RemoteWebDriver.java:363)
at io.appium.java_client.DefaultGenericMobileDriver.findElement(DefaultGenericMobileDriver.java:58)
at io.appium.java_client.AppiumDriver.findElement(AppiumDriver.java:1)
at com.torenzo.qa.base.Loginapp.login(Loginapp.java:123)
at sun.reflect.NativeMethodAccessorImpl.invoke0(Native Method)
at sun.reflect.NativeMethodAccessorImpl.invoke(Unknown Source)
at sun.reflect.DelegatingMethodAccessorImpl.invoke(Unknown Source)
at java.lang.reflect.Method.invoke(Unknown Source)
at org.testng.internal.MethodInvocationHelper.invokeMethod(MethodInvocationHelper.java:124)
at org.testng.internal.MethodInvocationHelper.invokeMethodConsideringTimeout(MethodInvocationHelper.java:59)
at org.testng.internal.Invoker.invokeConfigurationMethod(Invoker.java:455)
at org.testng.internal.Invoker.invokeConfigurations(Invoker.java:222)
at org.testng.internal.Invoker.invokeConfigurations(Invoker.java:142)
at org.testng.TestRunner.beforeRun(TestRunner.java:529)
at org.testng.TestRunner.run(TestRunner.java:497)
at org.testng.SuiteRunner.runTest(SuiteRunner.java:455)
at org.testng.SuiteRunner.runSequentially(SuiteRunner.java:450)
at org.testng.SuiteRunner.privateRun(SuiteRunner.java:415)
at org.testng.SuiteRunner.run(SuiteRunner.java:364)
at org.testng.SuiteRunnerWorker.runSuite(SuiteRunnerWorker.java:52)
at org.testng.SuiteRunnerWorker.run(SuiteRunnerWorker.java:84)
at org.testng.TestNG.runSuitesSequentially(TestNG.java:1208)
at org.testng.TestNG.runSuitesLocally(TestNG.java:1137)
at org.testng.TestNG.runSuites(TestNG.java:1049)
at org.testng.TestNG.run(TestNG.java:1017)
at org.testng.remote.AbstractRemoteTestNG.run(AbstractRemoteTestNG.java:114)
at org.testng.remote.RemoteTestNG.initAndRun(RemoteTestNG.java:251)
at org.testng.remote.RemoteTestNG.main(RemoteTestNG.java:77)
]]>
            </full-stacktrace>
          </exception> <!-- org.openqa.selenium.NoSuchElementException -->
          <reporter-output>
            <line>
              <![CDATA[(About@Test Method)Test Method resides in com.torenzo.qa.testcases.SplitReceiptSingleOptionTest]]>
            </line>
            <line>
              <![CDATA[Test Status: Skipped]]>
            </line>
            <line>
              <![CDATA[About to begin executing following method : SplitReceiptSingleOptionTest.payment]]>
            </line>
            <line>
              <![CDATA[Completed executing following method : SplitReceiptSingleOptionTest.payment]]>
            </line>
          </reporter-output>
        </test-method> <!-- payment -->
      </class> <!-- com.torenzo.qa.testcases.SplitReceiptSingleOptionTest -->
      <class name="com.torenzo.qa.testcases.TableStructureOrderTest">
        <test-method status="PASS" signature="launch()[pri:0, instance:com.torenzo.qa.testcases.TableStructureOrderTest@45afc369]" name="launch" is-config="true" duration-ms="34203" started-at="2018-10-29T11:48:14Z" finished-at="2018-10-29T11:48:49Z">
          <reporter-output>
            <line>
              <![CDATA[Completed executing following method : Loginapp.launch]]>
            </line>
          </reporter-output>
        </test-method> <!-- launch -->
        <test-method status="FAIL" signature="login()[pri:0, instance:com.torenzo.qa.testcases.TableStructureOrderTest@45afc369]" name="login" is-config="true" duration-ms="52520" started-at="2018-10-29T11:48:49Z" finished-at="2018-10-29T11:49:41Z">
          <exception class="org.openqa.selenium.NoSuchElementException">
            <message>
              <![CDATA[An element could not be located on the page using the given search parameters. (WARNING: The server did not provide any stacktrace information)
Command duration or timeout: 27.14 seconds
For documentation on this error, please visit: http://seleniumhq.org/exceptions/no_such_element.html
Build info: version: '3.3.1', revision: '5234b325d5', time: '2017-03-10 09:10:29 +0000'
System info: host: 'NAMET5', ip: '192.168.56.1', os.name: 'Windows 7', os.arch: 'amd64', os.version: '6.1', java.version: '1.8.0_171'
Driver info: io.appium.java_client.AppiumDriver
Capabilities [{appPackage=com.torenzo.torenzocafe, networkConnectionEnabled=true, warnings={}, databaseEnabled=false, deviceName=192.168.208.101:5555, platform=LINUX, appActivity=com.torenzo.torenzopos.StartScreenActivity, desired={appPackage=com.torenzo.torenzocafe, appActivity=com.torenzo.torenzopos.StartScreenActivity, newCommandTimeout=150, platformVersion=6.0, platformName=Android, udid=192.168.208.101:5555, deviceName=Honor}, newCommandTimeout=150, platformVersion=6.0, webStorageEnabled=false, locationContextEnabled=false, browserName=Android, takesScreenshot=true, javascriptEnabled=true, platformName=Android, udid=192.168.208.101:5555}]
Session ID: f7f14bd8-0274-45f1-8861-d68cf2793ca2
*** Element info: {Using=id, value=clock_in}]]>
            </message>
            <full-stacktrace>
              <![CDATA[org.openqa.selenium.NoSuchElementException: An element could not be located on the page using the given search parameters. (WARNING: The server did not provide any stacktrace information)
Command duration or timeout: 27.14 seconds
For documentation on this error, please visit: http://seleniumhq.org/exceptions/no_such_element.html
Build info: version: '3.3.1', revision: '5234b325d5', time: '2017-03-10 09:10:29 +0000'
System info: host: 'NAMET5', ip: '192.168.56.1', os.name: 'Windows 7', os.arch: 'amd64', os.version: '6.1', java.version: '1.8.0_171'
Driver info: io.appium.java_client.AppiumDriver
Capabilities [{appPackage=com.torenzo.torenzocafe, networkConnectionEnabled=true, warnings={}, databaseEnabled=false, deviceName=192.168.208.101:5555, platform=LINUX, appActivity=com.torenzo.torenzopos.StartScreenActivity, desired={appPackage=com.torenzo.torenzocafe, appActivity=com.torenzo.torenzopos.StartScreenActivity, newCommandTimeout=150, platformVersion=6.0, platformName=Android, udid=192.168.208.101:5555, deviceName=Honor}, newCommandTimeout=150, platformVersion=6.0, webStorageEnabled=false, locationContextEnabled=false, browserName=Android, takesScreenshot=true, javascriptEnabled=true, platformName=Android, udid=192.168.208.101:5555}]
Session ID: f7f14bd8-0274-45f1-8861-d68cf2793ca2
*** Element info: {Using=id, value=clock_in}
at sun.reflect.NativeConstructorAccessorImpl.newInstance0(Native Method)
at sun.reflect.NativeConstructorAccessorImpl.newInstance(Unknown Source)
at sun.reflect.DelegatingConstructorAccessorImpl.newInstance(Unknown Source)
at java.lang.reflect.Constructor.newInstance(Unknown Source)
at org.openqa.selenium.remote.ErrorHandler.createThrowable(ErrorHandler.java:216)
at org.openqa.selenium.remote.ErrorHandler.throwIfResponseFailed(ErrorHandler.java:168)
at org.openqa.selenium.remote.RemoteWebDriver.execute(RemoteWebDriver.java:638)
at io.appium.java_client.DefaultGenericMobileDriver.execute(DefaultGenericMobileDriver.java:42)
at io.appium.java_client.AppiumDriver.execute(AppiumDriver.java:1)
at org.openqa.selenium.remote.RemoteWebDriver.findElement(RemoteWebDriver.java:371)
at io.appium.java_client.DefaultGenericMobileDriver.findElement(DefaultGenericMobileDriver.java:62)
at io.appium.java_client.AppiumDriver.findElement(AppiumDriver.java:1)
at org.openqa.selenium.remote.RemoteWebDriver.findElementById(RemoteWebDriver.java:420)
at io.appium.java_client.DefaultGenericMobileDriver.findElementById(DefaultGenericMobileDriver.java:70)
at io.appium.java_client.AppiumDriver.findElementById(AppiumDriver.java:1)
at org.openqa.selenium.By$ById.findElement(By.java:218)
at org.openqa.selenium.remote.RemoteWebDriver.findElement(RemoteWebDriver.java:363)
at io.appium.java_client.DefaultGenericMobileDriver.findElement(DefaultGenericMobileDriver.java:58)
at io.appium.java_client.AppiumDriver.findElement(AppiumDriver.java:1)
at com.torenzo.qa.base.Loginapp.login(Loginapp.java:123)
at sun.reflect.NativeMethodAccessorImpl.invoke0(Native Method)
at sun.reflect.NativeMethodAccessorImpl.invoke(Unknown Source)
at sun.reflect.DelegatingMethodAccessorImpl.invoke(Unknown Source)
at java.lang.reflect.Method.invoke(Unknown Source)
at org.testng.internal.MethodInvocationHelper.invokeMethod(MethodInvocationHelper.java:124)
at org.testng.internal.MethodInvocationHelper.invokeMethodConsideringTimeout(MethodInvocationHelper.java:59)
at org.testng.internal.Invoker.invokeConfigurationMethod(Invoker.java:455)
at org.testng.internal.Invoker.invokeConfigurations(Invoker.java:222)
at org.testng.internal.Invoker.invokeConfigurations(Invoker.java:142)
at org.testng.TestRunner.beforeRun(TestRunner.java:529)
at org.testng.TestRunner.run(TestRunner.java:497)
at org.testng.SuiteRunner.runTest(SuiteRunner.java:455)
at org.testng.SuiteRunner.runSequentially(SuiteRunner.java:450)
at org.testng.SuiteRunner.privateRun(SuiteRunner.java:415)
at org.testng.SuiteRunner.run(SuiteRunner.java:364)
at org.testng.SuiteRunnerWorker.runSuite(SuiteRunnerWorker.java:52)
at org.testng.SuiteRunnerWorker.run(SuiteRunnerWorker.java:84)
at org.testng.TestNG.runSuitesSequentially(TestNG.java:1208)
at org.testng.TestNG.runSuitesLocally(TestNG.java:1137)
at org.testng.TestNG.runSuites(TestNG.java:1049)
at org.testng.TestNG.run(TestNG.java:1017)
at org.testng.remote.AbstractRemoteTestNG.run(AbstractRemoteTestNG.java:114)
at org.testng.remote.RemoteTestNG.initAndRun(RemoteTestNG.java:251)
at org.testng.remote.RemoteTestNG.main(RemoteTestNG.java:77)
]]>
            </full-stacktrace>
          </exception> <!-- org.openqa.selenium.NoSuchElementException -->
          <reporter-output>
            <line>
              <![CDATA[Completed executing following method : Loginapp.login]]>
            </line>
          </reporter-output>
        </test-method> <!-- login -->
        <test-method status="SKIP" signature="permission()[pri:0, instance:com.torenzo.qa.testcases.TableStructureOrderTest@45afc369]" name="permission" is-config="true" duration-ms="0" started-at="2018-10-29T11:49:41Z" finished-at="2018-10-29T11:49:41Z">
          <reporter-output>
          </reporter-output>
        </test-method> <!-- permission -->
        <test-method status="SKIP" signature="orderWithTable()[pri:0, instance:com.torenzo.qa.testcases.TableStructureOrderTest@45afc369]" name="orderWithTable" duration-ms="0" started-at="2018-10-29T11:49:41Z" finished-at="2018-10-29T11:49:41Z">
          <exception class="org.openqa.selenium.NoSuchElementException">
            <message>
              <![CDATA[An element could not be located on the page using the given search parameters. (WARNING: The server did not provide any stacktrace information)
Command duration or timeout: 27.14 seconds
For documentation on this error, please visit: http://seleniumhq.org/exceptions/no_such_element.html
Build info: version: '3.3.1', revision: '5234b325d5', time: '2017-03-10 09:10:29 +0000'
System info: host: 'NAMET5', ip: '192.168.56.1', os.name: 'Windows 7', os.arch: 'amd64', os.version: '6.1', java.version: '1.8.0_171'
Driver info: io.appium.java_client.AppiumDriver
Capabilities [{appPackage=com.torenzo.torenzocafe, networkConnectionEnabled=true, warnings={}, databaseEnabled=false, deviceName=192.168.208.101:5555, platform=LINUX, appActivity=com.torenzo.torenzopos.StartScreenActivity, desired={appPackage=com.torenzo.torenzocafe, appActivity=com.torenzo.torenzopos.StartScreenActivity, newCommandTimeout=150, platformVersion=6.0, platformName=Android, udid=192.168.208.101:5555, deviceName=Honor}, newCommandTimeout=150, platformVersion=6.0, webStorageEnabled=false, locationContextEnabled=false, browserName=Android, takesScreenshot=true, javascriptEnabled=true, platformName=Android, udid=192.168.208.101:5555}]
Session ID: f7f14bd8-0274-45f1-8861-d68cf2793ca2
*** Element info: {Using=id, value=clock_in}]]>
            </message>
            <full-stacktrace>
              <![CDATA[org.openqa.selenium.NoSuchElementException: An element could not be located on the page using the given search parameters. (WARNING: The server did not provide any stacktrace information)
Command duration or timeout: 27.14 seconds
For documentation on this error, please visit: http://seleniumhq.org/exceptions/no_such_element.html
Build info: version: '3.3.1', revision: '5234b325d5', time: '2017-03-10 09:10:29 +0000'
System info: host: 'NAMET5', ip: '192.168.56.1', os.name: 'Windows 7', os.arch: 'amd64', os.version: '6.1', java.version: '1.8.0_171'
Driver info: io.appium.java_client.AppiumDriver
Capabilities [{appPackage=com.torenzo.torenzocafe, networkConnectionEnabled=true, warnings={}, databaseEnabled=false, deviceName=192.168.208.101:5555, platform=LINUX, appActivity=com.torenzo.torenzopos.StartScreenActivity, desired={appPackage=com.torenzo.torenzocafe, appActivity=com.torenzo.torenzopos.StartScreenActivity, newCommandTimeout=150, platformVersion=6.0, platformName=Android, udid=192.168.208.101:5555, deviceName=Honor}, newCommandTimeout=150, platformVersion=6.0, webStorageEnabled=false, locationContextEnabled=false, browserName=Android, takesScreenshot=true, javascriptEnabled=true, platformName=Android, udid=192.168.208.101:5555}]
Session ID: f7f14bd8-0274-45f1-8861-d68cf2793ca2
*** Element info: {Using=id, value=clock_in}
at sun.reflect.NativeConstructorAccessorImpl.newInstance0(Native Method)
at sun.reflect.NativeConstructorAccessorImpl.newInstance(Unknown Source)
at sun.reflect.DelegatingConstructorAccessorImpl.newInstance(Unknown Source)
at java.lang.reflect.Constructor.newInstance(Unknown Source)
at org.openqa.selenium.remote.ErrorHandler.createThrowable(ErrorHandler.java:216)
at org.openqa.selenium.remote.ErrorHandler.throwIfResponseFailed(ErrorHandler.java:168)
at org.openqa.selenium.remote.RemoteWebDriver.execute(RemoteWebDriver.java:638)
at io.appium.java_client.DefaultGenericMobileDriver.execute(DefaultGenericMobileDriver.java:42)
at io.appium.java_client.AppiumDriver.execute(AppiumDriver.java:1)
at org.openqa.selenium.remote.RemoteWebDriver.findElement(RemoteWebDriver.java:371)
at io.appium.java_client.DefaultGenericMobileDriver.findElement(DefaultGenericMobileDriver.java:62)
at io.appium.java_client.AppiumDriver.findElement(AppiumDriver.java:1)
at org.openqa.selenium.remote.RemoteWebDriver.findElementById(RemoteWebDriver.java:420)
at io.appium.java_client.DefaultGenericMobileDriver.findElementById(DefaultGenericMobileDriver.java:70)
at io.appium.java_client.AppiumDriver.findElementById(AppiumDriver.java:1)
at org.openqa.selenium.By$ById.findElement(By.java:218)
at org.openqa.selenium.remote.RemoteWebDriver.findElement(RemoteWebDriver.java:363)
at io.appium.java_client.DefaultGenericMobileDriver.findElement(DefaultGenericMobileDriver.java:58)
at io.appium.java_client.AppiumDriver.findElement(AppiumDriver.java:1)
at com.torenzo.qa.base.Loginapp.login(Loginapp.java:123)
at sun.reflect.NativeMethodAccessorImpl.invoke0(Native Method)
at sun.reflect.NativeMethodAccessorImpl.invoke(Unknown Source)
at sun.reflect.DelegatingMethodAccessorImpl.invoke(Unknown Source)
at java.lang.reflect.Method.invoke(Unknown Source)
at org.testng.internal.MethodInvocationHelper.invokeMethod(MethodInvocationHelper.java:124)
at org.testng.internal.MethodInvocationHelper.invokeMethodConsideringTimeout(MethodInvocationHelper.java:59)
at org.testng.internal.Invoker.invokeConfigurationMethod(Invoker.java:455)
at org.testng.internal.Invoker.invokeConfigurations(Invoker.java:222)
at org.testng.internal.Invoker.invokeConfigurations(Invoker.java:142)
at org.testng.TestRunner.beforeRun(TestRunner.java:529)
at org.testng.TestRunner.run(TestRunner.java:497)
at org.testng.SuiteRunner.runTest(SuiteRunner.java:455)
at org.testng.SuiteRunner.runSequentially(SuiteRunner.java:450)
at org.testng.SuiteRunner.privateRun(SuiteRunner.java:415)
at org.testng.SuiteRunner.run(SuiteRunner.java:364)
at org.testng.SuiteRunnerWorker.runSuite(SuiteRunnerWorker.java:52)
at org.testng.SuiteRunnerWorker.run(SuiteRunnerWorker.java:84)
at org.testng.TestNG.runSuitesSequentially(TestNG.java:1208)
at org.testng.TestNG.runSuitesLocally(TestNG.java:1137)
at org.testng.TestNG.runSuites(TestNG.java:1049)
at org.testng.TestNG.run(TestNG.java:1017)
at org.testng.remote.AbstractRemoteTestNG.run(AbstractRemoteTestNG.java:114)
at org.testng.remote.RemoteTestNG.initAndRun(RemoteTestNG.java:251)
at org.testng.remote.RemoteTestNG.main(RemoteTestNG.java:77)
]]>
            </full-stacktrace>
          </exception> <!-- org.openqa.selenium.NoSuchElementException -->
          <reporter-output>
            <line>
              <![CDATA[(About@Test Method)Test Method resides in com.torenzo.qa.testcases.TableStructureOrderTest]]>
            </line>
            <line>
              <![CDATA[Test Status: Skipped]]>
            </line>
            <line>
              <![CDATA[About to begin executing following method : TableStructureOrderTest.orderWithTable]]>
            </line>
            <line>
              <![CDATA[Completed executing following method : TableStructureOrderTest.orderWithTable]]>
            </line>
          </reporter-output>
        </test-method> <!-- orderWithTable -->
        <test-method status="SKIP" signature="tableStrucuterVerify()[pri:1, instance:com.torenzo.qa.testcases.TableStructureOrderTest@45afc369]" name="tableStrucuterVerify" duration-ms="0" started-at="2018-10-29T11:49:41Z" finished-at="2018-10-29T11:49:41Z">
          <exception class="org.openqa.selenium.NoSuchElementException">
            <message>
              <![CDATA[An element could not be located on the page using the given search parameters. (WARNING: The server did not provide any stacktrace information)
Command duration or timeout: 27.14 seconds
For documentation on this error, please visit: http://seleniumhq.org/exceptions/no_such_element.html
Build info: version: '3.3.1', revision: '5234b325d5', time: '2017-03-10 09:10:29 +0000'
System info: host: 'NAMET5', ip: '192.168.56.1', os.name: 'Windows 7', os.arch: 'amd64', os.version: '6.1', java.version: '1.8.0_171'
Driver info: io.appium.java_client.AppiumDriver
Capabilities [{appPackage=com.torenzo.torenzocafe, networkConnectionEnabled=true, warnings={}, databaseEnabled=false, deviceName=192.168.208.101:5555, platform=LINUX, appActivity=com.torenzo.torenzopos.StartScreenActivity, desired={appPackage=com.torenzo.torenzocafe, appActivity=com.torenzo.torenzopos.StartScreenActivity, newCommandTimeout=150, platformVersion=6.0, platformName=Android, udid=192.168.208.101:5555, deviceName=Honor}, newCommandTimeout=150, platformVersion=6.0, webStorageEnabled=false, locationContextEnabled=false, browserName=Android, takesScreenshot=true, javascriptEnabled=true, platformName=Android, udid=192.168.208.101:5555}]
Session ID: f7f14bd8-0274-45f1-8861-d68cf2793ca2
*** Element info: {Using=id, value=clock_in}]]>
            </message>
            <full-stacktrace>
              <![CDATA[org.openqa.selenium.NoSuchElementException: An element could not be located on the page using the given search parameters. (WARNING: The server did not provide any stacktrace information)
Command duration or timeout: 27.14 seconds
For documentation on this error, please visit: http://seleniumhq.org/exceptions/no_such_element.html
Build info: version: '3.3.1', revision: '5234b325d5', time: '2017-03-10 09:10:29 +0000'
System info: host: 'NAMET5', ip: '192.168.56.1', os.name: 'Windows 7', os.arch: 'amd64', os.version: '6.1', java.version: '1.8.0_171'
Driver info: io.appium.java_client.AppiumDriver
Capabilities [{appPackage=com.torenzo.torenzocafe, networkConnectionEnabled=true, warnings={}, databaseEnabled=false, deviceName=192.168.208.101:5555, platform=LINUX, appActivity=com.torenzo.torenzopos.StartScreenActivity, desired={appPackage=com.torenzo.torenzocafe, appActivity=com.torenzo.torenzopos.StartScreenActivity, newCommandTimeout=150, platformVersion=6.0, platformName=Android, udid=192.168.208.101:5555, deviceName=Honor}, newCommandTimeout=150, platformVersion=6.0, webStorageEnabled=false, locationContextEnabled=false, browserName=Android, takesScreenshot=true, javascriptEnabled=true, platformName=Android, udid=192.168.208.101:5555}]
Session ID: f7f14bd8-0274-45f1-8861-d68cf2793ca2
*** Element info: {Using=id, value=clock_in}
at sun.reflect.NativeConstructorAccessorImpl.newInstance0(Native Method)
at sun.reflect.NativeConstructorAccessorImpl.newInstance(Unknown Source)
at sun.reflect.DelegatingConstructorAccessorImpl.newInstance(Unknown Source)
at java.lang.reflect.Constructor.newInstance(Unknown Source)
at org.openqa.selenium.remote.ErrorHandler.createThrowable(ErrorHandler.java:216)
at org.openqa.selenium.remote.ErrorHandler.throwIfResponseFailed(ErrorHandler.java:168)
at org.openqa.selenium.remote.RemoteWebDriver.execute(RemoteWebDriver.java:638)
at io.appium.java_client.DefaultGenericMobileDriver.execute(DefaultGenericMobileDriver.java:42)
at io.appium.java_client.AppiumDriver.execute(AppiumDriver.java:1)
at org.openqa.selenium.remote.RemoteWebDriver.findElement(RemoteWebDriver.java:371)
at io.appium.java_client.DefaultGenericMobileDriver.findElement(DefaultGenericMobileDriver.java:62)
at io.appium.java_client.AppiumDriver.findElement(AppiumDriver.java:1)
at org.openqa.selenium.remote.RemoteWebDriver.findElementById(RemoteWebDriver.java:420)
at io.appium.java_client.DefaultGenericMobileDriver.findElementById(DefaultGenericMobileDriver.java:70)
at io.appium.java_client.AppiumDriver.findElementById(AppiumDriver.java:1)
at org.openqa.selenium.By$ById.findElement(By.java:218)
at org.openqa.selenium.remote.RemoteWebDriver.findElement(RemoteWebDriver.java:363)
at io.appium.java_client.DefaultGenericMobileDriver.findElement(DefaultGenericMobileDriver.java:58)
at io.appium.java_client.AppiumDriver.findElement(AppiumDriver.java:1)
at com.torenzo.qa.base.Loginapp.login(Loginapp.java:123)
at sun.reflect.NativeMethodAccessorImpl.invoke0(Native Method)
at sun.reflect.NativeMethodAccessorImpl.invoke(Unknown Source)
at sun.reflect.DelegatingMethodAccessorImpl.invoke(Unknown Source)
at java.lang.reflect.Method.invoke(Unknown Source)
at org.testng.internal.MethodInvocationHelper.invokeMethod(MethodInvocationHelper.java:124)
at org.testng.internal.MethodInvocationHelper.invokeMethodConsideringTimeout(MethodInvocationHelper.java:59)
at org.testng.internal.Invoker.invokeConfigurationMethod(Invoker.java:455)
at org.testng.internal.Invoker.invokeConfigurations(Invoker.java:222)
at org.testng.internal.Invoker.invokeConfigurations(Invoker.java:142)
at org.testng.TestRunner.beforeRun(TestRunner.java:529)
at org.testng.TestRunner.run(TestRunner.java:497)
at org.testng.SuiteRunner.runTest(SuiteRunner.java:455)
at org.testng.SuiteRunner.runSequentially(SuiteRunner.java:450)
at org.testng.SuiteRunner.privateRun(SuiteRunner.java:415)
at org.testng.SuiteRunner.run(SuiteRunner.java:364)
at org.testng.SuiteRunnerWorker.runSuite(SuiteRunnerWorker.java:52)
at org.testng.SuiteRunnerWorker.run(SuiteRunnerWorker.java:84)
at org.testng.TestNG.runSuitesSequentially(TestNG.java:1208)
at org.testng.TestNG.runSuitesLocally(TestNG.java:1137)
at org.testng.TestNG.runSuites(TestNG.java:1049)
at org.testng.TestNG.run(TestNG.java:1017)
at org.testng.remote.AbstractRemoteTestNG.run(AbstractRemoteTestNG.java:114)
at org.testng.remote.RemoteTestNG.initAndRun(RemoteTestNG.java:251)
at org.testng.remote.RemoteTestNG.main(RemoteTestNG.java:77)
]]>
            </full-stacktrace>
          </exception> <!-- org.openqa.selenium.NoSuchElementException -->
          <reporter-output>
            <line>
              <![CDATA[(About@Test Method)Test Method resides in com.torenzo.qa.testcases.TableStructureOrderTest]]>
            </line>
            <line>
              <![CDATA[Test Status: Skipped]]>
            </line>
            <line>
              <![CDATA[About to begin executing following method : TableStructureOrderTest.tableStrucuterVerify]]>
            </line>
            <line>
              <![CDATA[Completed executing following method : TableStructureOrderTest.tableStrucuterVerify]]>
            </line>
          </reporter-output>
        </test-method> <!-- tableStrucuterVerify -->
        <test-method status="SKIP" signature="addguestandItem()[pri:2, instance:com.torenzo.qa.testcases.TableStructureOrderTest@45afc369]" name="addguestandItem" duration-ms="0" started-at="2018-10-29T11:49:41Z" finished-at="2018-10-29T11:49:41Z">
          <exception class="org.openqa.selenium.NoSuchElementException">
            <message>
              <![CDATA[An element could not be located on the page using the given search parameters. (WARNING: The server did not provide any stacktrace information)
Command duration or timeout: 27.14 seconds
For documentation on this error, please visit: http://seleniumhq.org/exceptions/no_such_element.html
Build info: version: '3.3.1', revision: '5234b325d5', time: '2017-03-10 09:10:29 +0000'
System info: host: 'NAMET5', ip: '192.168.56.1', os.name: 'Windows 7', os.arch: 'amd64', os.version: '6.1', java.version: '1.8.0_171'
Driver info: io.appium.java_client.AppiumDriver
Capabilities [{appPackage=com.torenzo.torenzocafe, networkConnectionEnabled=true, warnings={}, databaseEnabled=false, deviceName=192.168.208.101:5555, platform=LINUX, appActivity=com.torenzo.torenzopos.StartScreenActivity, desired={appPackage=com.torenzo.torenzocafe, appActivity=com.torenzo.torenzopos.StartScreenActivity, newCommandTimeout=150, platformVersion=6.0, platformName=Android, udid=192.168.208.101:5555, deviceName=Honor}, newCommandTimeout=150, platformVersion=6.0, webStorageEnabled=false, locationContextEnabled=false, browserName=Android, takesScreenshot=true, javascriptEnabled=true, platformName=Android, udid=192.168.208.101:5555}]
Session ID: f7f14bd8-0274-45f1-8861-d68cf2793ca2
*** Element info: {Using=id, value=clock_in}]]>
            </message>
            <full-stacktrace>
              <![CDATA[org.openqa.selenium.NoSuchElementException: An element could not be located on the page using the given search parameters. (WARNING: The server did not provide any stacktrace information)
Command duration or timeout: 27.14 seconds
For documentation on this error, please visit: http://seleniumhq.org/exceptions/no_such_element.html
Build info: version: '3.3.1', revision: '5234b325d5', time: '2017-03-10 09:10:29 +0000'
System info: host: 'NAMET5', ip: '192.168.56.1', os.name: 'Windows 7', os.arch: 'amd64', os.version: '6.1', java.version: '1.8.0_171'
Driver info: io.appium.java_client.AppiumDriver
Capabilities [{appPackage=com.torenzo.torenzocafe, networkConnectionEnabled=true, warnings={}, databaseEnabled=false, deviceName=192.168.208.101:5555, platform=LINUX, appActivity=com.torenzo.torenzopos.StartScreenActivity, desired={appPackage=com.torenzo.torenzocafe, appActivity=com.torenzo.torenzopos.StartScreenActivity, newCommandTimeout=150, platformVersion=6.0, platformName=Android, udid=192.168.208.101:5555, deviceName=Honor}, newCommandTimeout=150, platformVersion=6.0, webStorageEnabled=false, locationContextEnabled=false, browserName=Android, takesScreenshot=true, javascriptEnabled=true, platformName=Android, udid=192.168.208.101:5555}]
Session ID: f7f14bd8-0274-45f1-8861-d68cf2793ca2
*** Element info: {Using=id, value=clock_in}
at sun.reflect.NativeConstructorAccessorImpl.newInstance0(Native Method)
at sun.reflect.NativeConstructorAccessorImpl.newInstance(Unknown Source)
at sun.reflect.DelegatingConstructorAccessorImpl.newInstance(Unknown Source)
at java.lang.reflect.Constructor.newInstance(Unknown Source)
at org.openqa.selenium.remote.ErrorHandler.createThrowable(ErrorHandler.java:216)
at org.openqa.selenium.remote.ErrorHandler.throwIfResponseFailed(ErrorHandler.java:168)
at org.openqa.selenium.remote.RemoteWebDriver.execute(RemoteWebDriver.java:638)
at io.appium.java_client.DefaultGenericMobileDriver.execute(DefaultGenericMobileDriver.java:42)
at io.appium.java_client.AppiumDriver.execute(AppiumDriver.java:1)
at org.openqa.selenium.remote.RemoteWebDriver.findElement(RemoteWebDriver.java:371)
at io.appium.java_client.DefaultGenericMobileDriver.findElement(DefaultGenericMobileDriver.java:62)
at io.appium.java_client.AppiumDriver.findElement(AppiumDriver.java:1)
at org.openqa.selenium.remote.RemoteWebDriver.findElementById(RemoteWebDriver.java:420)
at io.appium.java_client.DefaultGenericMobileDriver.findElementById(DefaultGenericMobileDriver.java:70)
at io.appium.java_client.AppiumDriver.findElementById(AppiumDriver.java:1)
at org.openqa.selenium.By$ById.findElement(By.java:218)
at org.openqa.selenium.remote.RemoteWebDriver.findElement(RemoteWebDriver.java:363)
at io.appium.java_client.DefaultGenericMobileDriver.findElement(DefaultGenericMobileDriver.java:58)
at io.appium.java_client.AppiumDriver.findElement(AppiumDriver.java:1)
at com.torenzo.qa.base.Loginapp.login(Loginapp.java:123)
at sun.reflect.NativeMethodAccessorImpl.invoke0(Native Method)
at sun.reflect.NativeMethodAccessorImpl.invoke(Unknown Source)
at sun.reflect.DelegatingMethodAccessorImpl.invoke(Unknown Source)
at java.lang.reflect.Method.invoke(Unknown Source)
at org.testng.internal.MethodInvocationHelper.invokeMethod(MethodInvocationHelper.java:124)
at org.testng.internal.MethodInvocationHelper.invokeMethodConsideringTimeout(MethodInvocationHelper.java:59)
at org.testng.internal.Invoker.invokeConfigurationMethod(Invoker.java:455)
at org.testng.internal.Invoker.invokeConfigurations(Invoker.java:222)
at org.testng.internal.Invoker.invokeConfigurations(Invoker.java:142)
at org.testng.TestRunner.beforeRun(TestRunner.java:529)
at org.testng.TestRunner.run(TestRunner.java:497)
at org.testng.SuiteRunner.runTest(SuiteRunner.java:455)
at org.testng.SuiteRunner.runSequentially(SuiteRunner.java:450)
at org.testng.SuiteRunner.privateRun(SuiteRunner.java:415)
at org.testng.SuiteRunner.run(SuiteRunner.java:364)
at org.testng.SuiteRunnerWorker.runSuite(SuiteRunnerWorker.java:52)
at org.testng.SuiteRunnerWorker.run(SuiteRunnerWorker.java:84)
at org.testng.TestNG.runSuitesSequentially(TestNG.java:1208)
at org.testng.TestNG.runSuitesLocally(TestNG.java:1137)
at org.testng.TestNG.runSuites(TestNG.java:1049)
at org.testng.TestNG.run(TestNG.java:1017)
at org.testng.remote.AbstractRemoteTestNG.run(AbstractRemoteTestNG.java:114)
at org.testng.remote.RemoteTestNG.initAndRun(RemoteTestNG.java:251)
at org.testng.remote.RemoteTestNG.main(RemoteTestNG.java:77)
]]>
            </full-stacktrace>
          </exception> <!-- org.openqa.selenium.NoSuchElementException -->
          <reporter-output>
            <line>
              <![CDATA[(About@Test Method)Test Method resides in com.torenzo.qa.testcases.TableStructureOrderTest]]>
            </line>
            <line>
              <![CDATA[Test Status: Skipped]]>
            </line>
            <line>
              <![CDATA[About to begin executing following method : TableStructureOrderTest.addguestandItem]]>
            </line>
            <line>
              <![CDATA[Completed executing following method : TableStructureOrderTest.addguestandItem]]>
            </line>
          </reporter-output>
        </test-method> <!-- addguestandItem -->
        <test-method status="SKIP" signature="paymentorder()[pri:3, instance:com.torenzo.qa.testcases.TableStructureOrderTest@45afc369]" name="paymentorder" duration-ms="0" started-at="2018-10-29T11:49:41Z" finished-at="2018-10-29T11:49:41Z">
          <exception class="org.openqa.selenium.NoSuchElementException">
            <message>
              <![CDATA[An element could not be located on the page using the given search parameters. (WARNING: The server did not provide any stacktrace information)
Command duration or timeout: 27.14 seconds
For documentation on this error, please visit: http://seleniumhq.org/exceptions/no_such_element.html
Build info: version: '3.3.1', revision: '5234b325d5', time: '2017-03-10 09:10:29 +0000'
[...]
Session ID: f7f14bd8-0274-45f1-8861-d68cf2793ca2
*** Element info: {Using=id, value=clock_in}]]>
            </message>
            <full-stacktrace>
              <![CDATA[org.openqa.selenium.NoSuchElementException: An element could not be located on the page using the given search parameters. (WARNING: The server did not provide any stacktrace information)
Command duration or timeout: 27.14 seconds
For documentation on this error, please visit: http://seleniumhq.org/exceptions/no_such_element.html
Build info: version: '3.3.1', revision: '5234b325d5', time: '2017-03-10 09:10:29 +0000'
System info: host: 'NAMET5', ip: '192.168.56.1', os.name: 'Windows 7', os.arch: 'amd64', os.version: '6.1', java.version: '1.8.0_171'
Driver info: io.appium.java_client.AppiumDriver
Capabilities [{appPackage=com.torenzo.torenzocafe, networkConnectionEnabled=true, warnings={}, databaseEnabled=false, deviceName=192.168.208.101:5555, platform=LINUX, appActivity=com.torenzo.torenzopos.StartScreenActivity, desired={appPackage=com.torenzo.torenzocafe, appActivity=com.torenzo.torenzopos.StartScreenActivity, newCommandTimeout=150, platformVersion=6.0, platformName=Android, udid=192.168.208.101:5555, deviceName=Honor}, newCommandTimeout=150, platformVersion=6.0, webStorageEnabled=false, locationContextEnabled=false, browserName=Android, takesScreenshot=true, javascriptEnabled=true, platformName=Android, udid=192.168.208.101:5555}]
Session ID: f7f14bd8-0274-45f1-8861-d68cf2793ca2
*** Element info: {Using=id, value=clock_in}
at sun.reflect.NativeConstructorAccessorImpl.newInstance0(Native Method)
at sun.reflect.NativeConstructorAccessorImpl.newInstance(Unknown Source)
at sun.reflect.DelegatingConstructorAccessorImpl.newInstance(Unknown Source)
at java.lang.reflect.Constructor.newInstance(Unknown Source)
at org.openqa.selenium.remote.ErrorHandler.createThrowable(ErrorHandler.java:216)
at org.openqa.selenium.remote.ErrorHandler.throwIfResponseFailed(ErrorHandler.java:168)
at org.openqa.selenium.remote.RemoteWebDriver.execute(RemoteWebDriver.java:638)
at io.appium.java_client.DefaultGenericMobileDriver.execute(DefaultGenericMobileDriver.java:42)
at io.appium.java_client.AppiumDriver.execute(AppiumDriver.java:1)
at org.openqa.selenium.remote.RemoteWebDriver.findElement(RemoteWebDriver.java:371)
at io.appium.java_client.DefaultGenericMobileDriver.findElement(DefaultGenericMobileDriver.java:62)
at io.appium.java_client.AppiumDriver.findElement(AppiumDriver.java:1)
at org.openqa.selenium.remote.RemoteWebDriver.findElementById(RemoteWebDriver.java:420)
at io.appium.java_client.DefaultGenericMobileDriver.findElementById(DefaultGenericMobileDriver.java:70)
at io.appium.java_client.AppiumDriver.findElementById(AppiumDriver.java:1)
at org.openqa.selenium.By$ById.findElement(By.java:218)
at org.openqa.selenium.remote.RemoteWebDriver.findElement(RemoteWebDriver.java:363)
at io.appium.java_client.DefaultGenericMobileDriver.findElement(DefaultGenericMobileDriver.java:58)
at io.appium.java_client.AppiumDriver.findElement(AppiumDriver.java:1)
at com.torenzo.qa.base.Loginapp.login(Loginapp.java:123)
at sun.reflect.NativeMethodAccessorImpl.invoke0(Native Method)
at sun.reflect.NativeMethodAccessorImpl.invoke(Unknown Source)
at sun.reflect.DelegatingMethodAccessorImpl.invoke(Unknown Source)
at java.lang.reflect.Method.invoke(Unknown Source)
at org.testng.internal.MethodInvocationHelper.invokeMethod(MethodInvocationHelper.java:124)
at org.testng.internal.MethodInvocationHelper.invokeMethodConsideringTimeout(MethodInvocationHelper.java:59)
at org.testng.internal.Invoker.invokeConfigurationMethod(Invoker.java:455)
at org.testng.internal.Invoker.invokeConfigurations(Invoker.java:222)
at org.testng.internal.Invoker.invokeConfigurations(Invoker.java:142)
at org.testng.TestRunner.beforeRun(TestRunner.java:529)
at org.testng.TestRunner.run(TestRunner.java:497)
at org.testng.SuiteRunner.runTest(SuiteRunner.java:455)
at org.testng.SuiteRunner.runSequentially(SuiteRunner.java:450)
at org.testng.SuiteRunner.privateRun(SuiteRunner.java:415)
at org.testng.SuiteRunner.run(SuiteRunner.java:364)
at org.testng.SuiteRunnerWorker.runSuite(SuiteRunnerWorker.java:52)
at org.testng.SuiteRunnerWorker.run(SuiteRunnerWorker.java:84)
at org.testng.TestNG.runSuitesSequentially(TestNG.java:1208)
at org.testng.TestNG.runSuitesLocally(TestNG.java:1137)
at org.testng.TestNG.runSuites(TestNG.java:1049)
at org.testng.TestNG.run(TestNG.java:1017)
at org.testng.remote.AbstractRemoteTestNG.run(AbstractRemoteTestNG.java:114)
at org.testng.remote.RemoteTestNG.initAndRun(RemoteTestNG.java:251)
at org.testng.remote.RemoteTestNG.main(RemoteTestNG.java:77)
]]>
            </full-stacktrace>
          </exception> <!-- org.openqa.selenium.NoSuchElementException -->
          <reporter-output>
            <line>
              <![CDATA[(About@Test Method)Test Method resides in com.torenzo.qa.testcases.OrderCreateAndPayThroughSeated]]>
            </line>
            <line>
              <![CDATA[Test Status: Skipped]]>
            </line>
            <line>
              <![CDATA[About to begin executing following method : OrderCreateAndPayThroughSeated.orderWithTable]]>
            </line>
            <line>
              <![CDATA[Completed executing following method : OrderCreateAndPayThroughSeated.orderWithTable]]>
            </line>
          </reporter-output>
        </test-method> <!-- orderWithTable -->
        <test-method status="SKIP" signature="tableStrucuterVerify()[pri:31, instance:com.torenzo.qa.testcases.OrderCreateAndPayThroughSeated@4e41089d]" name="tableStrucuterVerify" duration-ms="0" started-at="2018-10-29T11:49:41Z" finished-at="2018-10-29T11:49:41Z">
          <exception class="org.openqa.selenium.NoSuchElementException">
            <message>
              <![CDATA[An element could not be located on the page using the given search parameters. (WARNING: The server did not provide any stacktrace information)
Command duration or timeout: 27.14 seconds
For documentation on this error, please visit: http://seleniumhq.org/exceptions/no_such_element.html
Build info: version: '3.3.1', revision: '5234b325d5', time: '2017-03-10 09:10:29 +0000'
System info: host: 'NAMET5', ip: '192.168.56.1', os.name: 'Windows 7', os.arch: 'amd64', os.version: '6.1', java.version: '1.8.0_171'
Driver info: io.appium.java_client.AppiumDriver
Capabilities [{appPackage=com.torenzo.torenzocafe, networkConnectionEnabled=true, warnings={}, databaseEnabled=false, deviceName=192.168.208.101:5555, platform=LINUX, appActivity=com.torenzo.torenzopos.StartScreenActivity, desired={appPackage=com.torenzo.torenzocafe, appActivity=com.torenzo.torenzopos.StartScreenActivity, newCommandTimeout=150, platformVersion=6.0, platformName=Android, udid=192.168.208.101:5555, deviceName=Honor}, newCommandTimeout=150, platformVersion=6.0, webStorageEnabled=false, locationContextEnabled=false, browserName=Android, takesScreenshot=true, javascriptEnabled=true, platformName=Android, udid=192.168.208.101:5555}]
Session ID: f7f14bd8-0274-45f1-8861-d68cf2793ca2
*** Element info: {Using=id, value=clock_in}]]>
            </message>
            <full-stacktrace>
              <![CDATA[org.openqa.selenium.NoSuchElementException: An element could not be located on the page using the given search parameters. (WARNING: The server did not provide any stacktrace information)
Command duration or timeout: 27.14 seconds
For documentation on this error, please visit: http://seleniumhq.org/exceptions/no_such_element.html
Build info: version: '3.3.1', revision: '5234b325d5', time: '2017-03-10 09:10:29 +0000'
System info: host: 'NAMET5', ip: '192.168.56.1', os.name: 'Windows 7', os.arch: 'amd64', os.version: '6.1', java.version: '1.8.0_171'
Driver info: io.appium.java_client.AppiumDriver
Capabilities [{appPackage=com.torenzo.torenzocafe, networkConnectionEnabled=true, warnings={}, databaseEnabled=false, deviceName=192.168.208.101:5555, platform=LINUX, appActivity=com.torenzo.torenzopos.StartScreenActivity, desired={appPackage=com.torenzo.torenzocafe, appActivity=com.torenzo.torenzopos.StartScreenActivity, newCommandTimeout=150, platformVersion=6.0, platformName=Android, udid=192.168.208.101:5555, deviceName=Honor}, newCommandTimeout=150, platformVersion=6.0, webStorageEnabled=false, locationContextEnabled=false, browserName=Android, takesScreenshot=true, javascriptEnabled=true, platformName=Android, udid=192.168.208.101:5555}]
Session ID: f7f14bd8-0274-45f1-8861-d68cf2793ca2
*** Element info: {Using=id, value=clock_in}
at sun.reflect.NativeConstructorAccessorImpl.newInstance0(Native Method)
at sun.reflect.NativeConstructorAccessorImpl.newInstance(Unknown Source)
at sun.reflect.DelegatingConstructorAccessorImpl.newInstance(Unknown Source)
at java.lang.reflect.Constructor.newInstance(Unknown Source)
at org.openqa.selenium.remote.ErrorHandler.createThrowable(ErrorHandler.java:216)
at org.openqa.selenium.remote.ErrorHandler.throwIfResponseFailed(ErrorHandler.java:168)
at org.openqa.selenium.remote.RemoteWebDriver.execute(RemoteWebDriver.java:638)
at io.appium.java_client.DefaultGenericMobileDriver.execute(DefaultGenericMobileDriver.java:42)
at io.appium.java_client.AppiumDriver.execute(AppiumDriver.java:1)
at org.openqa.selenium.remote.RemoteWebDriver.findElement(RemoteWebDriver.java:371)
at io.appium.java_client.DefaultGenericMobileDriver.findElement(DefaultGenericMobileDriver.java:62)
at io.appium.java_client.AppiumDriver.findElement(AppiumDriver.java:1)
at org.openqa.selenium.remote.RemoteWebDriver.findElementById(RemoteWebDriver.java:420)
at io.appium.java_client.DefaultGenericMobileDriver.findElementById(DefaultGenericMobileDriver.java:70)
at io.appium.java_client.AppiumDriver.findElementById(AppiumDriver.java:1)
at org.openqa.selenium.By$ById.findElement(By.java:218)
at org.openqa.selenium.remote.RemoteWebDriver.findElement(RemoteWebDriver.java:363)
at io.appium.java_client.DefaultGenericMobileDriver.findElement(DefaultGenericMobileDriver.java:58)
at io.appium.java_client.AppiumDriver.findElement(AppiumDriver.java:1)
at com.torenzo.qa.base.Loginapp.login(Loginapp.java:123)
at sun.reflect.NativeMethodAccessorImpl.invoke0(Native Method)
at sun.reflect.NativeMethodAccessorImpl.invoke(Unknown Source)
at sun.reflect.DelegatingMethodAccessorImpl.invoke(Unknown Source)
at java.lang.reflect.Method.invoke(Unknown Source)
at org.testng.internal.MethodInvocationHelper.invokeMethod(MethodInvocationHelper.java:124)
at org.testng.internal.MethodInvocationHelper.invokeMethodConsideringTimeout(MethodInvocationHelper.java:59)
at org.testng.internal.Invoker.invokeConfigurationMethod(Invoker.java:455)
at org.testng.internal.Invoker.invokeConfigurations(Invoker.java:222)
at org.testng.internal.Invoker.invokeConfigurations(Invoker.java:142)
at org.testng.TestRunner.beforeRun(TestRunner.java:529)
at org.testng.TestRunner.run(TestRunner.java:497)
at org.testng.SuiteRunner.runTest(SuiteRunner.java:455)
at org.testng.SuiteRunner.runSequentially(SuiteRunner.java:450)
at org.testng.SuiteRunner.privateRun(SuiteRunner.java:415)
at org.testng.SuiteRunner.run(SuiteRunner.java:364)
at org.testng.SuiteRunnerWorker.runSuite(SuiteRunnerWorker.java:52)
at org.testng.SuiteRunnerWorker.run(SuiteRunnerWorker.java:84)
at org.testng.TestNG.runSuitesSequentially(TestNG.java:1208)
at org.testng.TestNG.runSuitesLocally(TestNG.java:1137)
at org.testng.TestNG.runSuites(TestNG.java:1049)
at org.testng.TestNG.run(TestNG.java:1017)
at org.testng.remote.AbstractRemoteTestNG.run(AbstractRemoteTestNG.java:114)
at org.testng.remote.RemoteTestNG.initAndRun(RemoteTestNG.java:251)
at org.testng.remote.RemoteTestNG.main(RemoteTestNG.java:77)
]]>
            </full-stacktrace>
          </exception> <!-- org.openqa.selenium.NoSuchElementException -->
          <reporter-output>
            <line>
              <![CDATA[(About@Test Method)Test Method resides in com.torenzo.qa.testcases.OrderCreateAndPayThroughSeated]]>
            </line>
            <line>
              <![CDATA[Test Status: Skipped]]>
            </line>
            <line>
              <![CDATA[About to begin executing following method : OrderCreateAndPayThroughSeated.tableStrucuterVerify]]>
            </line>
            <line>
              <![CDATA[Completed executing following method : OrderCreateAndPayThroughSeated.tableStrucuterVerify]]>
            </line>
          </reporter-output>
        </test-method> <!-- tableStrucuterVerify -->
        <test-method status="SKIP" signature="addguestandItem()[pri:32, instance:com.torenzo.qa.testcases.OrderCreateAndPayThroughSeated@4e41089d]" name="addguestandItem" duration-ms="0" started-at="2018-10-29T11:49:41Z" finished-at="2018-10-29T11:49:41Z">
          <exception class="org.openqa.selenium.NoSuchElementException">
            <message>
              <![CDATA[An element could not be located on the page using the given search parameters. (WARNING: The server did not provide any stacktrace information)
Command duration or timeout: 27.14 seconds
For documentation on this error, please visit: http://seleniumhq.org/exceptions/no_such_element.html
Build info: version: '3.3.1', revision: '5234b325d5', time: '2017-03-10 09:10:29 +0000'
System info: host: 'NAMET5', ip: '192.168.56.1', os.name: 'Windows 7', os.arch: 'amd64', os.version: '6.1', java.version: '1.8.0_171'
Driver info: io.appium.java_client.AppiumDriver
Capabilities [{appPackage=com.torenzo.torenzocafe, networkConnectionEnabled=true, warnings={}, databaseEnabled=false, deviceName=192.168.208.101:5555, platform=LINUX, appActivity=com.torenzo.torenzopos.StartScreenActivity, desired={appPackage=com.torenzo.torenzocafe, appActivity=com.torenzo.torenzopos.StartScreenActivity, newCommandTimeout=150, platformVersion=6.0, platformName=Android, udid=192.168.208.101:5555, deviceName=Honor}, newCommandTimeout=150, platformVersion=6.0, webStorageEnabled=false, locationContextEnabled=false, browserName=Android, takesScreenshot=true, javascriptEnabled=true, platformName=Android, udid=192.168.208.101:5555}]
Session ID: f7f14bd8-0274-45f1-8861-d68cf2793ca2
*** Element info: {Using=id, value=clock_in}]]>
            </message>
            <full-stacktrace>
              <![CDATA[org.openqa.selenium.NoSuchElementException: An element could not be located on the page using the given search parameters. (WARNING: The server did not provide any stacktrace information)
Command duration or timeout: 27.14 seconds
For documentation on this error, please visit: http://seleniumhq.org/exceptions/no_such_element.html
Build info: version: '3.3.1', revision: '5234b325d5', time: '2017-03-10 09:10:29 +0000'
System info: host: 'NAMET5', ip: '192.168.56.1', os.name: 'Windows 7', os.arch: 'amd64', os.version: '6.1', java.version: '1.8.0_171'
Driver info: io.appium.java_client.AppiumDriver
Capabilities [{appPackage=com.torenzo.torenzocafe, networkConnectionEnabled=true, warnings={}, databaseEnabled=false, deviceName=192.168.208.101:5555, platform=LINUX, appActivity=com.torenzo.torenzopos.StartScreenActivity, desired={appPackage=com.torenzo.torenzocafe, appActivity=com.torenzo.torenzopos.StartScreenActivity, newCommandTimeout=150, platformVersion=6.0, platformName=Android, udid=192.168.208.101:5555, deviceName=Honor}, newCommandTimeout=150, platformVersion=6.0, webStorageEnabled=false, locationContextEnabled=false, browserName=Android, takesScreenshot=true, javascriptEnabled=true, platformName=Android, udid=192.168.208.101:5555}]
Session ID: f7f14bd8-0274-45f1-8861-d68cf2793ca2
*** Element info: {Using=id, value=clock_in}
at sun.reflect.NativeConstructorAccessorImpl.newInstance0(Native Method)
at sun.reflect.NativeConstructorAccessorImpl.newInstance(Unknown Source)
at sun.reflect.DelegatingConstructorAccessorImpl.newInstance(Unknown Source)
at java.lang.reflect.Constructor.newInstance(Unknown Source)
at org.openqa.selenium.remote.ErrorHandler.createThrowable(ErrorHandler.java:216)
at org.openqa.selenium.remote.ErrorHandler.throwIfResponseFailed(ErrorHandler.java:168)
at org.openqa.selenium.remote.RemoteWebDriver.execute(RemoteWebDriver.java:638)
at io.appium.java_client.DefaultGenericMobileDriver.execute(DefaultGenericMobileDriver.java:42)
at io.appium.java_client.AppiumDriver.execute(AppiumDriver.java:1)
at org.openqa.selenium.remote.RemoteWebDriver.findElement(RemoteWebDriver.java:371)
at io.appium.java_client.DefaultGenericMobileDriver.findElement(DefaultGenericMobileDriver.java:62)
at io.appium.java_client.AppiumDriver.findElement(AppiumDriver.java:1)
at org.openqa.selenium.remote.RemoteWebDriver.findElementById(RemoteWebDriver.java:420)
at io.appium.java_client.DefaultGenericMobileDriver.findElementById(DefaultGenericMobileDriver.java:70)
at io.appium.java_client.AppiumDriver.findElementById(AppiumDriver.java:1)
at org.openqa.selenium.By$ById.findElement(By.java:218)
at org.openqa.selenium.remote.RemoteWebDriver.findElement(RemoteWebDriver.java:363)
at io.appium.java_client.DefaultGenericMobileDriver.findElement(DefaultGenericMobileDriver.java:58)
at io.appium.java_client.AppiumDriver.findElement(AppiumDriver.java:1)
at com.torenzo.qa.base.Loginapp.login(Loginapp.java:123)
at sun.reflect.NativeMethodAccessorImpl.invoke0(Native Method)
at sun.reflect.NativeMethodAccessorImpl.invoke(Unknown Source)
at sun.reflect.DelegatingMethodAccessorImpl.invoke(Unknown Source)
at java.lang.reflect.Method.invoke(Unknown Source)
at org.testng.internal.MethodInvocationHelper.invokeMethod(MethodInvocationHelper.java:124)
at org.testng.internal.MethodInvocationHelper.invokeMethodConsideringTimeout(MethodInvocationHelper.java:59)
at org.testng.internal.Invoker.invokeConfigurationMethod(Invoker.java:455)
at org.testng.internal.Invoker.invokeConfigurations(Invoker.java:222)
at org.testng.internal.Invoker.invokeConfigurations(Invoker.java:142)
at org.testng.TestRunner.beforeRun(TestRunner.java:529)
at org.testng.TestRunner.run(TestRunner.java:497)
at org.testng.SuiteRunner.runTest(SuiteRunner.java:455)
at org.testng.SuiteRunner.runSequentially(SuiteRunner.java:450)
at org.testng.SuiteRunner.privateRun(SuiteRunner.java:415)
at org.testng.SuiteRunner.run(SuiteRunner.java:364)
at org.testng.SuiteRunnerWorker.runSuite(SuiteRunnerWorker.java:52)
at org.testng.SuiteRunnerWorker.run(SuiteRunnerWorker.java:84)
at org.testng.TestNG.runSuitesSequentially(TestNG.java:1208)
at org.testng.TestNG.runSuitesLocally(TestNG.java:1137)
at org.testng.TestNG.runSuites(TestNG.java:1049)
at org.testng.TestNG.run(TestNG.java:1017)
at org.testng.remote.AbstractRemoteTestNG.run(AbstractRemoteTestNG.java:114)
at org.testng.remote.RemoteTestNG.initAndRun(RemoteTestNG.java:251)
at org.testng.remote.RemoteTestNG.main(RemoteTestNG.java:77)
]]>
            </full-stacktrace>
          </exception> <!-- org.openqa.selenium.NoSuchElementException -->
          <reporter-output>
            <line>
              <![CDATA[(About@Test Method)Test Method resides in com.torenzo.qa.testcases.OrderCreateAndPayThroughSeated]]>
            </line>
            <line>
              <![CDATA[Test Status: Skipped]]>
            </line>
            <line>
              <![CDATA[About to begin executing following method : OrderCreateAndPayThroughSeated.addguestandItem]]>
            </line>
            <line>
              <![CDATA[Completed executing following method : OrderCreateAndPayThroughSeated.addguestandItem]]>
            </line>
          </reporter-output>
        </test-method> <!-- addguestandItem -->
      </class> <!-- com.torenzo.qa.testcases.OrderCreateAndPayThroughSeated -->
    </test> <!-- Regression suite for order creation and payment =1 -->
  </suite> <!-- Android 1 -->
</testng-results>
